run_id=run_20260616_205313
runner_name=陈业伟
start_time=2026-06-16T20:53:13
dataset_dir=D:\aiHW\Tabular-Foundation-Models-Evaluation\data\selected_talent\feature_scale\F2_20_100\mfeat-zernike_2000rows_47feat_multiclass
model=tabpfn
device=cpu
model_path=D:\aiHW\Tabular-Foundation-Models-Evaluation\.local_models\tabpfn\tabpfn-v2-classifier-finetuned-zk73skhh.ckpt
memory_sample_interval_seconds=0.05
end_time=2026-06-16T20:55:50
runner_name=陈业伟
success=True
fit_time_seconds=0.7527654999867082
predict_time_seconds=75.18929650005884
wall_time_seconds=157.29895730002318
peak_memory_mb=2092.94140625
training_throughput=99898.30830627577
accuracy=0.835
balanced_accuracy=0.835
macro_f1=0.8312170725746364
mean_confidence=0.8711329101771116
correct_mean_confidence=0.9336904450626431
wrong_mean_confidence=0.5545538699988163
confidence_gap=0.3791365750638268
probabilities_available=True
error_type=
error_message=
