run_id=run_20260616_205600
runner_name=陈业伟
start_time=2026-06-16T20:56:00
dataset_dir=D:\aiHW\Tabular-Foundation-Models-Evaluation\data\selected_talent\feature_scale\F2_20_100\mfeat-zernike_2000rows_47feat_multiclass
model=xgboost
device=cpu
model_path=None
memory_sample_interval_seconds=0.05
end_time=2026-06-16T20:56:02
runner_name=陈业伟
success=True
fit_time_seconds=2.0908311000093818
predict_time_seconds=0.005249999929219484
wall_time_seconds=2.148227500030771
peak_memory_mb=305.33984375
training_throughput=35966.55894379157
accuracy=0.7875
balanced_accuracy=0.7875
macro_f1=0.7902087378501466
mean_confidence=0.8825401033461094
correct_mean_confidence=0.9140838407334827
wrong_mean_confidence=0.7656427236164317
confidence_gap=0.148441117117051
probabilities_available=True
error_type=
error_message=
