run_id=run_20260616_210252
runner_name=时光银
start_time=2026-06-16T21:02:52
dataset_dir=D:\_Projects\Tabular-Foundation-Models-Evaluation\data\selected_talent\feature_scale\F1_6_20\mfeat-morphological_2000rows_6feat_multiclass
model=xgboost
device=cpu
model_path=None
memory_sample_interval_seconds=0.05
end_time=2026-06-16T21:02:55
runner_name=时光银
success=True
fit_time_seconds=2.8547253000006094
predict_time_seconds=0.006352200000037556
wall_time_seconds=2.8964308000004166
peak_memory_mb=302.01171875
training_throughput=3362.845454866691
accuracy=0.7125
balanced_accuracy=0.7125
macro_f1=0.7111569244028669
mean_confidence=0.852307764813304
correct_mean_confidence=0.9029671179620843
wrong_mean_confidence=0.7267606722271961
confidence_gap=0.1762064457348882
probabilities_available=True
error_type=
error_message=
