run_id=run_20260616_214735
runner_name=时光银
start_time=2026-06-16T21:47:35
dataset_dir=D:\_Projects\Tabular-Foundation-Models-Evaluation\data\selected_talent\sample_scale\A_1000_3000\kc1_2109rows_21feat_binclass
model=lightgbm
device=cpu
model_path=None
memory_sample_interval_seconds=0.05
end_time=2026-06-16T21:47:36
runner_name=时光银
success=True
fit_time_seconds=0.2651475999991817
predict_time_seconds=0.002826600000844337
wall_time_seconds=0.42778399999951944
peak_memory_mb=178.08203125
training_throughput=133612.37288253536
accuracy=0.8720379146919431
balanced_accuracy=0.7041585865115276
macro_f1=0.726171593366979
mean_confidence=0.9345708441213681
correct_mean_confidence=0.9474501545665971
wrong_mean_confidence=0.8468007284946234
confidence_gap=0.10064942607197369
probabilities_available=True
error_type=
error_message=
