run_id=run_20260616_210957
runner_name=时光银
start_time=2026-06-16T21:09:57
dataset_dir=D:\_Projects\Tabular-Foundation-Models-Evaluation\data\selected_talent\feature_scale\F1_6_20\mfeat-morphological_2000rows_6feat_multiclass
model=tabicl
device=cpu
model_path=D:\_Projects\Tabular-Foundation-Models-Evaluation\.local_models\tabicl\tabicl-classifier-v2-20260212.ckpt
memory_sample_interval_seconds=0.05
end_time=2026-06-16T21:10:11
runner_name=时光银
success=True
fit_time_seconds=0.3512095000005502
predict_time_seconds=4.416824400000223
wall_time_seconds=13.340747700000065
peak_memory_mb=1232.53125
training_throughput=27334.112545318283
accuracy=0.775
balanced_accuracy=0.775
macro_f1=0.7680489426622548
mean_confidence=0.7823578310757875
correct_mean_confidence=0.8347801368082723
wrong_mean_confidence=0.6017921113305622
confidence_gap=0.23298802547771014
probabilities_available=True
error_type=
error_message=
