run_id=run_20260616_203657
runner_name=XYJ
start_time=2026-06-16T20:36:57
dataset_dir=C:\Users\11575\Desktop\Tabular-Foundation-Models-Evaluation\data\selected_talent\feature_scale\F2_20_100\mfeat-fourier_2000rows_76feat_multiclass
model=tabpfn
device=cpu
model_path=C:\Users\11575\Desktop\Tabular-Foundation-Models-Evaluation\.local_models\tabpfn\tabpfn-v2-classifier-finetuned-zk73skhh.ckpt
memory_sample_interval_seconds=0.05
end_time=2026-06-16T20:38:58
runner_name=XYJ
success=True
fit_time_seconds=1.1976664999965578
predict_time_seconds=60.13265250000404
wall_time_seconds=120.97141769999871
peak_memory_mb=3051.62890625
training_throughput=101530.76837362445
accuracy=0.9175
balanced_accuracy=0.9174999999999999
macro_f1=0.9168920510383926
mean_confidence=0.8851507016271353
correct_mean_confidence=0.9112846052289334
wrong_mean_confidence=0.594510016116229
confidence_gap=0.3167745891127044
probabilities_available=True
error_type=
error_message=
