run_id=run_20260616_204258
runner_name=XYJ
start_time=2026-06-16T20:42:58
dataset_dir=C:\Users\11575\Desktop\Tabular-Foundation-Models-Evaluation\data\selected_talent\feature_scale\F2_20_100\mfeat-zernike_2000rows_47feat_multiclass
model=lightgbm
device=cpu
model_path=None
memory_sample_interval_seconds=0.05
end_time=2026-06-16T20:43:00
runner_name=XYJ
success=True
fit_time_seconds=1.0414119000197388
predict_time_seconds=0.006598800013307482
wall_time_seconds=1.1953841999638826
peak_memory_mb=211.96484375
training_throughput=72209.66074861893
accuracy=0.77
balanced_accuracy=0.7699999999999999
macro_f1=0.775125536874906
mean_confidence=0.9431786429773211
correct_mean_confidence=0.9694156698236452
wrong_mean_confidence=0.8553416400570181
confidence_gap=0.11407402976662717
probabilities_available=True
error_type=
error_message=
