run_id=run_20260616_002741
runner_name=姚怀宇
start_time=2026-06-16T00:27:41
dataset_dir=D:\_Projects\Tabular-Foundation-Models-Evaluation\data\selected_talent\feature_scale\F2_20_100\mfeat-karhunen_2000rows_64feat_multiclass
model=xgboost
device=cpu
model_path=None
memory_sample_interval_seconds=0.05
end_time=2026-06-16T00:27:43
runner_name=姚怀宇
success=True
fit_time_seconds=2.3986093000276014
predict_time_seconds=0.005940900009591132
wall_time_seconds=2.4588359000044875
peak_memory_mb=202.9765625
training_throughput=42691.40455630755
accuracy=0.935
balanced_accuracy=0.9350000000000002
macro_f1=0.934208806771144
mean_confidence=0.9343127755820752
correct_mean_confidence=0.9528553043616647
wrong_mean_confidence=0.6675856308295176
confidence_gap=0.28526967353214705
probabilities_available=True
error_type=
error_message=
