run_id=run_20260616_205718
runner_name=XYJ
start_time=2026-06-16T20:57:18
dataset_dir=C:\Users\11575\Desktop\Tabular-Foundation-Models-Evaluation\data\selected_talent\sample_scale\B_3000_10000\ringnorm_7400rows_20feat_binclass
model=tabicl
device=cpu
model_path=C:\Users\11575\Desktop\Tabular-Foundation-Models-Evaluation\.local_models\tabicl\tabicl-classifier-v2-20260212.ckpt
memory_sample_interval_seconds=0.05
end_time=2026-06-16T20:58:06
runner_name=XYJ
success=True
fit_time_seconds=0.3254935999866575
predict_time_seconds=23.53314960002899
wall_time_seconds=47.72361490002368
peak_memory_mb=6286.00390625
training_throughput=363755.2320686287
accuracy=0.9797297297297297
balanced_accuracy=0.9796512105721659
macro_f1=0.979723471999211
mean_confidence=0.9819156579069189
correct_mean_confidence=0.9857414214364414
wrong_mean_confidence=0.7970037539800008
confidence_gap=0.1887376674564406
probabilities_available=True
error_type=
error_message=
