run_id=run_20260616_205226
runner_name=陈业伟
start_time=2026-06-16T20:52:26
dataset_dir=D:\aiHW\Tabular-Foundation-Models-Evaluation\data\selected_talent\feature_scale\F2_20_100\mfeat-karhunen_2000rows_64feat_multiclass
model=lightgbm
device=cpu
model_path=None
memory_sample_interval_seconds=0.05
end_time=2026-06-16T20:52:27
runner_name=陈业伟
success=True
fit_time_seconds=1.345229999977164
predict_time_seconds=0.008914200006984174
wall_time_seconds=1.6343317999271676
peak_memory_mb=206.5859375
training_throughput=76120.81205573642
accuracy=0.9475
balanced_accuracy=0.9475
macro_f1=0.9470004831574599
mean_confidence=0.9822483100145427
correct_mean_confidence=0.9895534965448438
wrong_mean_confidence=0.8504070864438692
confidence_gap=0.13914641010097462
probabilities_available=True
error_type=
error_message=
