run_id=run_20260616_205851
runner_name=时光银
start_time=2026-06-16T20:58:51
dataset_dir=D:\_Projects\Tabular-Foundation-Models-Evaluation\data\selected_talent\sample_scale\B_3000_10000\ringnorm_7400rows_20feat_binclass
model=xgboost
device=cpu
model_path=None
memory_sample_interval_seconds=0.05
end_time=2026-06-16T20:58:52
runner_name=时光银
success=True
fit_time_seconds=0.7808009000000311
predict_time_seconds=0.0016157000000021071
wall_time_seconds=0.8213617999999769
peak_memory_mb=283.328125
training_throughput=151639.16947328733
accuracy=0.970945945945946
balanced_accuracy=0.970783543450747
macro_f1=0.970925756974232
mean_confidence=0.9508026785544447
correct_mean_confidence=0.9575677346917765
wrong_mean_confidence=0.7247239420580309
confidence_gap=0.23284379263374555
probabilities_available=True
error_type=
error_message=
