run_id=run_20260616_210247
runner_name=XYJ
start_time=2026-06-16T21:02:47
dataset_dir=C:\Users\11575\Desktop\Tabular-Foundation-Models-Evaluation\data\selected_talent\sample_scale\B_3000_10000\sylvine_5124rows_20feat_binclass
model=tabpfn
device=cpu
model_path=C:\Users\11575\Desktop\Tabular-Foundation-Models-Evaluation\.local_models\tabpfn\tabpfn-v2-classifier-finetuned-zk73skhh.ckpt
memory_sample_interval_seconds=0.05
end_time=2026-06-16T21:05:00
runner_name=XYJ
success=True
fit_time_seconds=1.1361069999984466
predict_time_seconds=64.61460159998387
wall_time_seconds=133.21108460001415
peak_memory_mb=2226.43359375
training_throughput=72158.69632007557
accuracy=0.9775609756097561
balanced_accuracy=0.9775676169590644
macro_f1=0.9775602067030971
mean_confidence=0.9751991861041
correct_mean_confidence=0.9807741781194766
wrong_mean_confidence=0.7323234469994254
confidence_gap=0.24845073112005123
probabilities_available=True
error_type=
error_message=
