run_id=run_20260616_005235
runner_name=姚怀宇
start_time=2026-06-16T00:52:35
dataset_dir=D:\_Projects\Tabular-Foundation-Models-Evaluation\data\selected_talent\feature_scale\F3_100_300\mfeat-pixel_2000rows_240feat_multiclass
model=tabpfn
device=cpu
model_path=D:\_Projects\Tabular-Foundation-Models-Evaluation\.local_models\tabpfn\tabpfn-v2-classifier-finetuned-zk73skhh.ckpt
memory_sample_interval_seconds=0.05
end_time=2026-06-16T01:05:37
runner_name=姚怀宇
success=True
fit_time_seconds=1.4682769000064582
predict_time_seconds=386.96369330002926
wall_time_seconds=782.1007762000081
peak_memory_mb=2189.87890625
training_throughput=261531.05044308127
accuracy=0.965
balanced_accuracy=0.9650000000000001
macro_f1=0.9649345702812457
mean_confidence=0.9603760572895408
correct_mean_confidence=0.9746841457069229
wrong_mean_confidence=0.5658816194960049
confidence_gap=0.40880252621091795
probabilities_available=True
error_type=
error_message=
