run_id=run_20260616_010549
runner_name=姚怀宇
start_time=2026-06-16T01:05:49
dataset_dir=D:\_Projects\Tabular-Foundation-Models-Evaluation\data\selected_talent\sample_scale\A_1000_3000\kc1_2109rows_21feat_binclass
model=tabicl
device=cpu
model_path=D:\_Projects\Tabular-Foundation-Models-Evaluation\.local_models\tabicl\tabicl-classifier-v2-20260212.ckpt
memory_sample_interval_seconds=0.05
end_time=2026-06-16T01:06:12
runner_name=姚怀宇
success=True
fit_time_seconds=0.43271660001482815
predict_time_seconds=9.566098199982662
wall_time_seconds=22.465856799972244
peak_memory_mb=2344.36328125
training_throughput=81871.13690296606
accuracy=0.8767772511848341
balanced_accuracy=0.6692092221503987
macro_f1=0.7050537634408602
mean_confidence=0.8830919462075165
correct_mean_confidence=0.9059858265760783
wrong_mean_confidence=0.7201931820465968
confidence_gap=0.18579264452948152
probabilities_available=True
error_type=
error_message=
