run_id=run_20260616_211335
runner_name=陈业伟
start_time=2026-06-16T21:13:35
dataset_dir=D:\aiHW\Tabular-Foundation-Models-Evaluation\data\selected_talent\feature_scale\F3_100_300\mfeat-pixel_2000rows_240feat_multiclass
model=tabpfn
device=cpu
model_path=D:\aiHW\Tabular-Foundation-Models-Evaluation\.local_models\tabpfn\tabpfn-v2-classifier-finetuned-zk73skhh.ckpt
memory_sample_interval_seconds=0.05
end_time=2026-06-16T21:27:33
runner_name=陈业伟
success=True
fit_time_seconds=1.9802307999925688
predict_time_seconds=410.3258682000451
wall_time_seconds=838.1070952999871
peak_memory_mb=2239.5703125
training_throughput=193916.78990218768
accuracy=0.965
balanced_accuracy=0.9650000000000001
macro_f1=0.9649345702812457
mean_confidence=0.9603760572895408
correct_mean_confidence=0.9746841457069229
wrong_mean_confidence=0.5658816194960049
confidence_gap=0.40880252621091795
probabilities_available=True
error_type=
error_message=
