run_id=run_20260616_205231
runner_name=陈业伟
start_time=2026-06-16T20:52:31
dataset_dir=D:\aiHW\Tabular-Foundation-Models-Evaluation\data\selected_talent\feature_scale\F2_20_100\mfeat-karhunen_2000rows_64feat_multiclass
model=xgboost
device=cpu
model_path=None
memory_sample_interval_seconds=0.05
end_time=2026-06-16T20:52:33
runner_name=陈业伟
success=True
fit_time_seconds=2.1175643000751734
predict_time_seconds=0.004651399911381304
wall_time_seconds=2.1757762000197545
peak_memory_mb=318.43359375
training_throughput=48357.445389670014
accuracy=0.935
balanced_accuracy=0.9350000000000002
macro_f1=0.934208806771144
mean_confidence=0.9343127755820752
correct_mean_confidence=0.9528553043616647
wrong_mean_confidence=0.6675856308295176
confidence_gap=0.28526967353214705
probabilities_available=True
error_type=
error_message=
