run_id=run_20260616_210256
runner_name=时光银
start_time=2026-06-16T21:02:56
dataset_dir=D:\_Projects\Tabular-Foundation-Models-Evaluation\data\selected_talent\feature_scale\F2_20_100\mfeat-fourier_2000rows_76feat_multiclass
model=lightgbm
device=cpu
model_path=None
memory_sample_interval_seconds=0.05
end_time=2026-06-16T21:02:59
runner_name=时光银
success=True
fit_time_seconds=2.0319708999995783
predict_time_seconds=0.008872999999766762
wall_time_seconds=2.215098599999692
peak_memory_mb=213.3515625
training_throughput=59843.376694038896
accuracy=0.8725
balanced_accuracy=0.8724999999999999
macro_f1=0.871777208722768
mean_confidence=0.9578671175312925
correct_mean_confidence=0.9770543206220715
wrong_mean_confidence=0.8265664532434124
confidence_gap=0.15048786737865916
probabilities_available=True
error_type=
error_message=
