run_id=run_20260616_210309
runner_name=时光银
start_time=2026-06-16T21:03:09
dataset_dir=D:\_Projects\Tabular-Foundation-Models-Evaluation\data\selected_talent\feature_scale\F2_20_100\mfeat-karhunen_2000rows_64feat_multiclass
model=xgboost
device=cpu
model_path=None
memory_sample_interval_seconds=0.05
end_time=2026-06-16T21:03:11
runner_name=时光银
success=True
fit_time_seconds=2.5679151000003912
predict_time_seconds=0.004267099999196944
wall_time_seconds=2.6099926000006235
peak_memory_mb=306.703125
training_throughput=39876.70776186658
accuracy=0.9375
balanced_accuracy=0.9375000000000002
macro_f1=0.9369107341484734
mean_confidence=0.9340345563739538
correct_mean_confidence=0.9508912342389425
wrong_mean_confidence=0.6811843883991241
confidence_gap=0.2697068458398184
probabilities_available=True
error_type=
error_message=
