run_id=run_20260616_211504
runner_name=时光银
start_time=2026-06-16T21:15:04
dataset_dir=D:\_Projects\Tabular-Foundation-Models-Evaluation\data\selected_talent\feature_scale\F2_20_100\mfeat-karhunen_2000rows_64feat_multiclass
model=tabicl
device=cpu
model_path=D:\_Projects\Tabular-Foundation-Models-Evaluation\.local_models\tabicl\tabicl-classifier-v2-20260212.ckpt
memory_sample_interval_seconds=0.05
end_time=2026-06-16T21:15:32
runner_name=时光银
success=True
fit_time_seconds=0.6246578000000227
predict_time_seconds=12.701038399999561
wall_time_seconds=27.640535399999862
peak_memory_mb=4732.88671875
training_throughput=163929.75481935273
accuracy=0.975
balanced_accuracy=0.975
macro_f1=0.975015727207024
mean_confidence=0.9866094879060984
correct_mean_confidence=0.9945729003502772
wrong_mean_confidence=0.6760364025831223
confidence_gap=0.318536497767155
probabilities_available=True
error_type=
error_message=
