run_id=run_20260616_214555
runner_name=时光银
start_time=2026-06-16T21:45:55
dataset_dir=D:\_Projects\Tabular-Foundation-Models-Evaluation\data\selected_talent\feature_scale\F3_100_300\mfeat-pixel_2000rows_240feat_multiclass
model=xgboost
device=cpu
model_path=None
memory_sample_interval_seconds=0.05
end_time=2026-06-16T21:45:57
runner_name=时光银
success=True
fit_time_seconds=2.246456799999578
predict_time_seconds=0.0050565999999889755
wall_time_seconds=2.42098950000036
peak_memory_mb=294.984375
training_throughput=170935.84884430992
accuracy=0.9625
balanced_accuracy=0.9625
macro_f1=0.9626833400572723
mean_confidence=0.9586582627147436
correct_mean_confidence=0.9726111206915471
wrong_mean_confidence=0.6005349079767863
confidence_gap=0.37207621271476077
probabilities_available=True
error_type=
error_message=
