run_id=run_20260616_211900
runner_name=时光银
start_time=2026-06-16T21:19:00
dataset_dir=D:\_Projects\Tabular-Foundation-Models-Evaluation\data\selected_talent\feature_scale\F2_20_100\mfeat-zernike_2000rows_47feat_multiclass
model=tabpfn
device=cpu
model_path=D:\_Projects\Tabular-Foundation-Models-Evaluation\.local_models\tabpfn\tabpfn-v2-classifier-finetuned-zk73skhh.ckpt
memory_sample_interval_seconds=0.05
end_time=2026-06-16T21:21:07
runner_name=时光银
success=True
fit_time_seconds=2.099702000000434
predict_time_seconds=61.13950029999978
wall_time_seconds=126.71042339999985
peak_memory_mb=2094.41796875
training_throughput=35814.60607266386
accuracy=0.835
balanced_accuracy=0.835
macro_f1=0.8312170725746364
mean_confidence=0.8712628740817309
correct_mean_confidence=0.9337932036486928
wrong_mean_confidence=0.5548215093034686
confidence_gap=0.37897169434522415
probabilities_available=True
error_type=
error_message=
