run_id=run_20260616_210248
runner_name=时光银
start_time=2026-06-16T21:02:48
dataset_dir=D:\_Projects\Tabular-Foundation-Models-Evaluation\data\selected_talent\feature_scale\F1_6_20\mfeat-morphological_2000rows_6feat_multiclass
model=lightgbm
device=cpu
model_path=None
memory_sample_interval_seconds=0.05
end_time=2026-06-16T21:02:50
runner_name=时光银
success=True
fit_time_seconds=1.4572592000004079
predict_time_seconds=0.01000469999962661
wall_time_seconds=1.6326185999996596
peak_memory_mb=207.65234375
training_throughput=6587.70931073711
accuracy=0.71
balanced_accuracy=0.71
macro_f1=0.7107758647139355
mean_confidence=0.937862858921887
correct_mean_confidence=0.9532633861037175
wrong_mean_confidence=0.9001581199594746
confidence_gap=0.053105266144242935
probabilities_available=True
error_type=
error_message=
