run_id=run_20260616_205808
runner_name=时光银
start_time=2026-06-16T20:58:08
dataset_dir=D:\_Projects\Tabular-Foundation-Models-Evaluation\data\selected_talent\feature_scale\F2_20_100\mfeat-karhunen_2000rows_64feat_multiclass
model=xgboost
device=cpu
model_path=None
memory_sample_interval_seconds=0.05
end_time=2026-06-16T20:58:11
runner_name=时光银
success=True
fit_time_seconds=2.3853916999996727
predict_time_seconds=0.004598100000293925
wall_time_seconds=2.42889920000016
peak_memory_mb=310.9921875
training_throughput=42927.96021718951
accuracy=0.9375
balanced_accuracy=0.9375000000000002
macro_f1=0.9369107341484734
mean_confidence=0.9340345563739538
correct_mean_confidence=0.9508912342389425
wrong_mean_confidence=0.6811843883991241
confidence_gap=0.2697068458398184
probabilities_available=True
error_type=
error_message=
