run_id=run_20260617_002916
runner_name=陈业伟
start_time=2026-06-17T00:29:16
dataset_dir=D:\aiHW\Tabular-Foundation-Models-Evaluation\data\selected_talent\sample_scale\C_10000_30000\jm1_10885rows_21feat_binclass
model=tabicl
device=cpu
model_path=D:\aiHW\Tabular-Foundation-Models-Evaluation\.local_models\tabicl\tabicl-classifier-v2-20260212.ckpt
memory_sample_interval_seconds=0.05
end_time=2026-06-17T00:32:01
runner_name=陈业伟
success=True
fit_time_seconds=0.5541035999776796
predict_time_seconds=80.14961830002721
wall_time_seconds=165.37616360001266
peak_memory_mb=10209.5859375
training_throughput=330024.92675984476
accuracy=0.8259072117593018
balanced_accuracy=0.6004442183974592
macro_f1=0.6202892414602437
mean_confidence=0.8423218894399083
correct_mean_confidence=0.8606758883121414
wrong_mean_confidence=0.7552493565315307
confidence_gap=0.10542653178061068
probabilities_available=True
error_type=
error_message=
