run_id=run_20260617_004838
runner_name=陈业伟
start_time=2026-06-17T00:48:38
dataset_dir=D:\aiHW\Tabular-Foundation-Models-Evaluation\data\selected_talent\sample_scale\C_10000_30000\jm1_10885rows_21feat_binclass
model=lightgbm
device=cpu
model_path=None
memory_sample_interval_seconds=0.05
end_time=2026-06-17T00:48:39
runner_name=陈业伟
success=True
fit_time_seconds=0.2035783000756055
predict_time_seconds=0.005782900028862059
wall_time_seconds=0.5459277000045404
peak_memory_mb=188.42578125
training_throughput=898268.6265288881
accuracy=0.8130454754248967
balanced_accuracy=0.5915686428343406
macro_f1=0.6071743825128472
mean_confidence=0.8345258062793538
correct_mean_confidence=0.8508585327884401
wrong_mean_confidence=0.7634965042619514
confidence_gap=0.08736202852648878
probabilities_available=True
error_type=
error_message=
