run_id=run_20260616_204803
runner_name=陈业伟
start_time=2026-06-16T20:48:03
dataset_dir=D:\aiHW\Tabular-Foundation-Models-Evaluation\data\selected_talent\feature_scale\F2_20_100\mfeat-karhunen_2000rows_64feat_multiclass
model=tabicl
device=cpu
model_path=D:\aiHW\Tabular-Foundation-Models-Evaluation\.local_models\tabicl\tabicl-classifier-v2-20260212.ckpt
memory_sample_interval_seconds=0.05
end_time=2026-06-16T20:48:43
runner_name=陈业伟
success=True
fit_time_seconds=0.5365893000271171
predict_time_seconds=17.42070000001695
wall_time_seconds=39.97346649994142
peak_memory_mb=4702.9375
training_throughput=190834.96445945735
accuracy=0.975
balanced_accuracy=0.975
macro_f1=0.975015727207024
mean_confidence=0.9866094924509525
correct_mean_confidence=0.9945729035597581
wrong_mean_confidence=0.6760364592075347
confidence_gap=0.3185364443522234
probabilities_available=True
error_type=
error_message=
