run_id=run_20260616_203908
runner_name=XYJ
start_time=2026-06-16T20:39:08
dataset_dir=C:\Users\11575\Desktop\Tabular-Foundation-Models-Evaluation\data\selected_talent\feature_scale\F2_20_100\mfeat-karhunen_2000rows_64feat_multiclass
model=tabicl
device=cpu
model_path=C:\Users\11575\Desktop\Tabular-Foundation-Models-Evaluation\.local_models\tabicl\tabicl-classifier-v2-20260212.ckpt
memory_sample_interval_seconds=0.05
end_time=2026-06-16T20:39:26
runner_name=XYJ
success=True
fit_time_seconds=0.40627580002183095
predict_time_seconds=8.094476600002963
wall_time_seconds=18.58771940000588
peak_memory_mb=4732.1484375
training_throughput=252045.5316179246
accuracy=0.975
balanced_accuracy=0.975
macro_f1=0.975015727207024
mean_confidence=0.9866094820946455
correct_mean_confidence=0.9945728963766343
wrong_mean_confidence=0.676036325097084
confidence_gap=0.31853657127955026
probabilities_available=True
error_type=
error_message=
