run_id=run_20260616_010745
runner_name=姚怀宇
start_time=2026-06-16T01:07:45
dataset_dir=D:\_Projects\Tabular-Foundation-Models-Evaluation\data\selected_talent\sample_scale\A_1000_3000\kc1_2109rows_21feat_binclass
model=lightgbm
device=cpu
model_path=None
memory_sample_interval_seconds=0.05
end_time=2026-06-16T01:07:45
runner_name=姚怀宇
success=True
fit_time_seconds=0.1380541999824345
predict_time_seconds=0.004730599990580231
wall_time_seconds=0.3525826999684796
peak_memory_mb=172.6171875
training_throughput=256616.6042359276
accuracy=0.8720379146919431
balanced_accuracy=0.7041585865115276
macro_f1=0.726171593366979
mean_confidence=0.9345708441213681
correct_mean_confidence=0.9474501545665971
wrong_mean_confidence=0.8468007284946234
confidence_gap=0.10064942607197369
probabilities_available=True
error_type=
error_message=
