run_id=run_20260616_212813
runner_name=陈业伟
start_time=2026-06-16T21:28:13
dataset_dir=D:\aiHW\Tabular-Foundation-Models-Evaluation\data\selected_talent\sample_scale\A_1000_3000\kc1_2109rows_21feat_binclass
model=tabicl
device=cpu
model_path=D:\aiHW\Tabular-Foundation-Models-Evaluation\.local_models\tabicl\tabicl-classifier-v2-20260212.ckpt
memory_sample_interval_seconds=0.05
end_time=2026-06-16T21:28:43
runner_name=陈业伟
success=True
fit_time_seconds=0.5543488999828696
predict_time_seconds=11.051316200057045
wall_time_seconds=30.288808300043456
peak_memory_mb=2355.34375
training_throughput=63907.40560880477
accuracy=0.8767772511848341
balanced_accuracy=0.6692092221503987
macro_f1=0.7050537634408602
mean_confidence=0.8830919498798406
correct_mean_confidence=0.9059858259317037
wrong_mean_confidence=0.7201932164338919
confidence_gap=0.18579260949781184
probabilities_available=True
error_type=
error_message=
