run_id=run_20260616_215338
runner_name=陈业伟
start_time=2026-06-16T21:53:38
dataset_dir=D:\aiHW\Tabular-Foundation-Models-Evaluation\data\selected_talent\sample_scale\C_10000_30000\default_of_credit_card_clients_30000rows_23feat_binclass
model=tabicl
device=cpu
model_path=D:\aiHW\Tabular-Foundation-Models-Evaluation\.local_models\tabicl\tabicl-classifier-v2-20260212.ckpt
memory_sample_interval_seconds=0.05
end_time=2026-06-16T22:15:17
runner_name=陈业伟
success=True
fit_time_seconds=1.153160999994725
predict_time_seconds=598.3347575999796
wall_time_seconds=1298.376102500013
peak_memory_mb=17859.45703125
training_throughput=478684.2427055069
accuracy=0.827
balanced_accuracy=0.6685162933951249
macro_f1=0.6956106349773291
mean_confidence=0.8379435961047809
correct_mean_confidence=0.8551297666852583
wrong_mean_confidence=0.75578774020851
confidence_gap=0.09934202647674828
probabilities_available=True
error_type=
error_message=
