run_id=run_20260616_205804
runner_name=时光银
start_time=2026-06-16T20:58:04
dataset_dir=D:\_Projects\Tabular-Foundation-Models-Evaluation\data\selected_talent\feature_scale\F2_20_100\mfeat-karhunen_2000rows_64feat_multiclass
model=lightgbm
device=cpu
model_path=None
memory_sample_interval_seconds=0.05
end_time=2026-06-16T20:58:06
runner_name=时光银
success=True
fit_time_seconds=1.7231094000007943
predict_time_seconds=0.008490100000017264
wall_time_seconds=1.9231952999998612
peak_memory_mb=212.8984375
training_throughput=59427.45132720697
accuracy=0.9475
balanced_accuracy=0.9475
macro_f1=0.9470004831574599
mean_confidence=0.9822483100145427
correct_mean_confidence=0.9895534965448438
wrong_mean_confidence=0.8504070864438692
confidence_gap=0.13914641010097462
probabilities_available=True
error_type=
error_message=
