run_id=run_20260616_205856
runner_name=时光银
start_time=2026-06-16T20:58:56
dataset_dir=D:\_Projects\Tabular-Foundation-Models-Evaluation\data\selected_talent\sample_scale\B_3000_10000\sylvine_5124rows_20feat_binclass
model=xgboost
device=cpu
model_path=None
memory_sample_interval_seconds=0.05
end_time=2026-06-16T20:58:57
runner_name=时光银
success=True
fit_time_seconds=0.751256800000192
predict_time_seconds=0.0014934000000721426
wall_time_seconds=0.7877481000004991
peak_memory_mb=279.5390625
training_throughput=109123.80427036274
accuracy=0.944390243902439
balanced_accuracy=0.9444044682017544
macro_f1=0.9443798676540728
mean_confidence=0.95945508078831
correct_mean_confidence=0.9709591694976673
wrong_mean_confidence=0.7640873988469442
confidence_gap=0.20687177065072304
probabilities_available=True
error_type=
error_message=
