run_id=run_20260616_221145
runner_name=XYJ
start_time=2026-06-16T22:11:45
dataset_dir=C:\Users\11575\Desktop\Tabular-Foundation-Models-Evaluation\data\selected_talent\sample_scale\C_10000_30000\jm1_10885rows_21feat_binclass
model=tabpfn
device=cpu
model_path=C:\Users\11575\Desktop\Tabular-Foundation-Models-Evaluation\.local_models\tabpfn\tabpfn-v2-classifier-finetuned-zk73skhh.ckpt
memory_sample_interval_seconds=0.05
end_time=2026-06-16T22:20:01
runner_name=XYJ
success=True
fit_time_seconds=2.919374399993103
predict_time_seconds=245.15602740005124
wall_time_seconds=496.2351218999829
peak_memory_mb=1585.234375
training_throughput=62639.447684555984
accuracy=0.8158015617822691
balanced_accuracy=0.564383937798603
macro_f1=0.5699648228853706
mean_confidence=0.83339881625918
correct_mean_confidence=0.8494014964178875
wrong_mean_confidence=0.7625241031373231
confidence_gap=0.08687739328056443
probabilities_available=True
error_type=
error_message=
