run_id=run_20260616_210215
runner_name=XYJ
start_time=2026-06-16T21:02:15
dataset_dir=C:\Users\11575\Desktop\Tabular-Foundation-Models-Evaluation\data\selected_talent\sample_scale\B_3000_10000\ringnorm_7400rows_20feat_binclass
model=xgboost
device=cpu
model_path=None
memory_sample_interval_seconds=0.05
end_time=2026-06-16T21:02:16
runner_name=XYJ
success=True
fit_time_seconds=0.8905216000275686
predict_time_seconds=0.0015829000039957464
wall_time_seconds=0.9257680999580771
peak_memory_mb=295.0546875
training_throughput=132955.78680666993
accuracy=0.970945945945946
balanced_accuracy=0.970783543450747
macro_f1=0.970925756974232
mean_confidence=0.9508026785544447
correct_mean_confidence=0.9575677346917765
wrong_mean_confidence=0.7247239420580309
confidence_gap=0.23284379263374555
probabilities_available=True
error_type=
error_message=
