run_id=run_20260616_210305
runner_name=时光银
start_time=2026-06-16T21:03:05
dataset_dir=D:\_Projects\Tabular-Foundation-Models-Evaluation\data\selected_talent\feature_scale\F2_20_100\mfeat-karhunen_2000rows_64feat_multiclass
model=lightgbm
device=cpu
model_path=None
memory_sample_interval_seconds=0.05
end_time=2026-06-16T21:03:07
runner_name=时光银
success=True
fit_time_seconds=1.610145000000557
predict_time_seconds=0.007233799999994517
wall_time_seconds=1.7792686000002504
peak_memory_mb=208.28125
training_throughput=63596.756813805325
accuracy=0.9475
balanced_accuracy=0.9475
macro_f1=0.9470004831574599
mean_confidence=0.9822483100145427
correct_mean_confidence=0.9895534965448438
wrong_mean_confidence=0.8504070864438692
confidence_gap=0.13914641010097462
probabilities_available=True
error_type=
error_message=
