run_id=run_20260616_004913
runner_name=姚怀宇
start_time=2026-06-16T00:49:13
dataset_dir=D:\_Projects\Tabular-Foundation-Models-Evaluation\data\selected_talent\feature_scale\F3_100_300\mfeat-factors_2000rows_216feat_multiclass
model=xgboost
device=cpu
model_path=None
memory_sample_interval_seconds=0.05
end_time=2026-06-16T00:49:17
runner_name=姚怀宇
success=True
fit_time_seconds=3.1748191000078805
predict_time_seconds=0.007516500016208738
wall_time_seconds=3.2728694999823347
peak_memory_mb=207.8515625
training_throughput=108856.595955071
accuracy=0.9675
balanced_accuracy=0.9674999999999999
macro_f1=0.9675739107525871
mean_confidence=0.9697432715445757
correct_mean_confidence=0.9790527179105646
wrong_mean_confidence=0.6926082143416772
confidence_gap=0.2864445035688874
probabilities_available=True
error_type=
error_message=
