run_id=run_20260616_215722
runner_name=时光银
start_time=2026-06-16T21:57:22
dataset_dir=D:\_Projects\Tabular-Foundation-Models-Evaluation\data\selected_talent\sample_scale\B_3000_10000\sylvine_5124rows_20feat_binclass
model=tabicl
device=cpu
model_path=D:\_Projects\Tabular-Foundation-Models-Evaluation\.local_models\tabicl\tabicl-classifier-v2-20260212.ckpt
memory_sample_interval_seconds=0.05
end_time=2026-06-16T21:58:09
runner_name=时光银
success=True
fit_time_seconds=0.493720200000098
predict_time_seconds=22.706538200000068
wall_time_seconds=47.051124899999195
peak_memory_mb=4377.984375
training_throughput=166045.46461737587
accuracy=0.9795121951219512
balanced_accuracy=0.9795150310672515
macro_f1=0.9795121171193037
mean_confidence=0.979148156526612
correct_mean_confidence=0.9840050776047535
wrong_mean_confidence=0.7469410726002285
confidence_gap=0.23706400500452507
probabilities_available=True
error_type=
error_message=
