run_id=run_20260616_211137
runner_name=时光银
start_time=2026-06-16T21:11:37
dataset_dir=D:\_Projects\Tabular-Foundation-Models-Evaluation\data\selected_talent\feature_scale\F2_20_100\mfeat-fourier_2000rows_76feat_multiclass
model=tabpfn
device=cpu
model_path=D:\_Projects\Tabular-Foundation-Models-Evaluation\.local_models\tabpfn\tabpfn-v2-classifier-finetuned-zk73skhh.ckpt
memory_sample_interval_seconds=0.05
end_time=2026-06-16T21:14:52
runner_name=时光银
success=True
fit_time_seconds=2.2951558000004297
predict_time_seconds=94.71369800000048
wall_time_seconds=194.7921996999994
peak_memory_mb=3049.90234375
training_throughput=52981.152739163605
accuracy=0.9175
balanced_accuracy=0.9174999999999999
macro_f1=0.9168920510383926
mean_confidence=0.885150658711791
correct_mean_confidence=0.9112845855772658
wrong_mean_confidence=0.5945097144806024
confidence_gap=0.31677487109666336
probabilities_available=True
error_type=
error_message=
