run_id=run_20260616_211455
runner_name=时光银
start_time=2026-06-16T21:14:55
dataset_dir=D:\_Projects\Tabular-Foundation-Models-Evaluation\data\selected_talent\feature_scale\F2_20_100\mfeat-fourier_2000rows_76feat_multiclass
model=lightgbm
device=cpu
model_path=None
memory_sample_interval_seconds=0.05
end_time=2026-06-16T21:14:57
runner_name=时光银
success=True
fit_time_seconds=1.8296336000003066
predict_time_seconds=0.011645200000202749
wall_time_seconds=2.0164819000001444
peak_memory_mb=215.6328125
training_throughput=66461.39423761108
accuracy=0.8725
balanced_accuracy=0.8724999999999999
macro_f1=0.871777208722768
mean_confidence=0.9578671175312925
correct_mean_confidence=0.9770543206220715
wrong_mean_confidence=0.8265664532434124
confidence_gap=0.15048786737865916
probabilities_available=True
error_type=
error_message=
