run_id=run_20260616_043604
runner_name=姚怀宇
start_time=2026-06-16T04:36:04
dataset_dir=D:\_Projects\Tabular-Foundation-Models-Evaluation\data\selected_talent\sample_scale\C_10000_30000\jm1_10885rows_21feat_binclass
model=xgboost
device=cpu
model_path=None
memory_sample_interval_seconds=0.05
end_time=2026-06-16T04:36:04
runner_name=姚怀宇
success=True
fit_time_seconds=0.2274422000045888
predict_time_seconds=0.003757100028451532
wall_time_seconds=0.27902800001902506
peak_memory_mb=172.6328125
training_throughput=804019.6586047378
accuracy=0.8107487367937529
balanced_accuracy=0.577504206818563
macro_f1=0.5890435311711923
mean_confidence=0.8321812994774734
correct_mean_confidence=0.850259869362072
wrong_mean_confidence=0.7547330571320451
confidence_gap=0.0955268122300269
probabilities_available=True
error_type=
error_message=
