run_id=run_20260616_210354
runner_name=时光银
start_time=2026-06-16T21:03:54
dataset_dir=D:\_Projects\Tabular-Foundation-Models-Evaluation\data\selected_talent\sample_scale\B_3000_10000\ringnorm_7400rows_20feat_binclass
model=xgboost
device=cpu
model_path=None
memory_sample_interval_seconds=0.05
end_time=2026-06-16T21:03:54
runner_name=时光银
success=True
fit_time_seconds=0.3829113000001598
predict_time_seconds=0.0017921999997270177
wall_time_seconds=0.4211795000001075
peak_memory_mb=280.53515625
training_throughput=309209.9919745136
accuracy=0.970945945945946
balanced_accuracy=0.970783543450747
macro_f1=0.970925756974232
mean_confidence=0.9508026785544447
correct_mean_confidence=0.9575677346917765
wrong_mean_confidence=0.7247239420580309
confidence_gap=0.23284379263374555
probabilities_available=True
error_type=
error_message=
