run_id=run_20260616_203630
runner_name=XYJ
start_time=2026-06-16T20:36:30
dataset_dir=C:\Users\11575\Desktop\Tabular-Foundation-Models-Evaluation\data\selected_talent\feature_scale\F1_6_20\mfeat-morphological_2000rows_6feat_multiclass
model=xgboost
device=cpu
model_path=None
memory_sample_interval_seconds=0.05
end_time=2026-06-16T20:36:32
runner_name=XYJ
success=True
fit_time_seconds=1.6774267999571748
predict_time_seconds=0.005174199992325157
wall_time_seconds=1.7555445000180043
peak_memory_mb=310.7109375
training_throughput=5723.051521678974
accuracy=0.7125
balanced_accuracy=0.7125
macro_f1=0.7111569244028669
mean_confidence=0.852307764813304
correct_mean_confidence=0.9029671179620843
wrong_mean_confidence=0.7267606722271961
confidence_gap=0.1762064457348882
probabilities_available=True
error_type=
error_message=
