run_id=run_20260616_204847
runner_name=陈业伟
start_time=2026-06-16T20:48:47
dataset_dir=D:\aiHW\Tabular-Foundation-Models-Evaluation\data\selected_talent\feature_scale\F2_20_100\mfeat-karhunen_2000rows_64feat_multiclass
model=tabpfn
device=cpu
model_path=D:\aiHW\Tabular-Foundation-Models-Evaluation\.local_models\tabpfn\tabpfn-v2-classifier-finetuned-zk73skhh.ckpt
memory_sample_interval_seconds=0.05
end_time=2026-06-16T20:52:21
runner_name=陈业伟
success=True
fit_time_seconds=0.8317364000249654
predict_time_seconds=101.45239479991142
wall_time_seconds=213.88932710001245
peak_memory_mb=2552.59375
training_throughput=123115.92951435859
accuracy=0.97
balanced_accuracy=0.97
macro_f1=0.9699049429698239
mean_confidence=0.9696679653972388
correct_mean_confidence=0.9808453793839081
wrong_mean_confidence=0.6082649131615957
confidence_gap=0.37258046622231245
probabilities_available=True
error_type=
error_message=
