run_id=run_20260616_004908
runner_name=姚怀宇
start_time=2026-06-16T00:49:08
dataset_dir=D:\_Projects\Tabular-Foundation-Models-Evaluation\data\selected_talent\feature_scale\F3_100_300\mfeat-factors_2000rows_216feat_multiclass
model=lightgbm
device=cpu
model_path=None
memory_sample_interval_seconds=0.05
end_time=2026-06-16T00:49:11
runner_name=姚怀宇
success=True
fit_time_seconds=2.0693346000043675
predict_time_seconds=0.009454599989112467
wall_time_seconds=2.3863064000033773
peak_memory_mb=214.99609375
training_throughput=167010.207048812
accuracy=0.9675
balanced_accuracy=0.9674999999999999
macro_f1=0.9673458371384378
mean_confidence=0.9910067993222623
correct_mean_confidence=0.996671159040672
wrong_mean_confidence=0.8223831677049913
confidence_gap=0.17428799133568074
probabilities_available=True
error_type=
error_message=
