run_id=run_20260616_041713
runner_name=姚怀宇
start_time=2026-06-16T04:17:13
dataset_dir=D:\_Projects\Tabular-Foundation-Models-Evaluation\data\selected_talent\sample_scale\C_10000_30000\jm1_10885rows_21feat_binclass
model=tabpfn
device=cpu
model_path=D:\_Projects\Tabular-Foundation-Models-Evaluation\.local_models\tabpfn\tabpfn-v2-classifier-finetuned-zk73skhh.ckpt
memory_sample_interval_seconds=0.05
end_time=2026-06-16T04:35:59
runner_name=姚怀宇
success=True
fit_time_seconds=0.6143700999673456
predict_time_seconds=558.7737411999842
wall_time_seconds=1126.0220511999796
peak_memory_mb=1541.921875
training_throughput=297651.20407018444
accuracy=0.8158015617822691
balanced_accuracy=0.564383937798603
macro_f1=0.5699648228853706
mean_confidence=0.8335673657370424
correct_mean_confidence=0.8495493477529233
wrong_mean_confidence=0.7627843231928914
confidence_gap=0.08676502456003199
probabilities_available=True
error_type=
error_message=
