run_id=run_20260616_211828
runner_name=时光银
start_time=2026-06-16T21:18:28
dataset_dir=D:\_Projects\Tabular-Foundation-Models-Evaluation\data\selected_talent\feature_scale\F2_20_100\mfeat-karhunen_2000rows_64feat_multiclass
model=xgboost
device=cpu
model_path=None
memory_sample_interval_seconds=0.05
end_time=2026-06-16T21:18:32
runner_name=时光银
success=True
fit_time_seconds=3.2017987999997786
predict_time_seconds=0.005126799999743525
wall_time_seconds=3.253972800000156
peak_memory_mb=311.68359375
training_throughput=31982.022105825974
accuracy=0.9375
balanced_accuracy=0.9375000000000002
macro_f1=0.9369107341484734
mean_confidence=0.9340345563739538
correct_mean_confidence=0.9508912342389425
wrong_mean_confidence=0.6811843883991241
confidence_gap=0.2697068458398184
probabilities_available=True
error_type=
error_message=
