run_id=run_20260616_204138
runner_name=XYJ
start_time=2026-06-16T20:41:38
dataset_dir=C:\Users\11575\Desktop\Tabular-Foundation-Models-Evaluation\data\selected_talent\feature_scale\F2_20_100\mfeat-zernike_2000rows_47feat_multiclass
model=tabpfn
device=cpu
model_path=C:\Users\11575\Desktop\Tabular-Foundation-Models-Evaluation\.local_models\tabpfn\tabpfn-v2-classifier-finetuned-zk73skhh.ckpt
memory_sample_interval_seconds=0.05
end_time=2026-06-16T20:42:55
runner_name=XYJ
success=True
fit_time_seconds=1.0580929999705404
predict_time_seconds=37.359847699990496
wall_time_seconds=77.27692289999686
peak_memory_mb=2130.625
training_throughput=71071.2574434324
accuracy=0.835
balanced_accuracy=0.835
macro_f1=0.8312170725746364
mean_confidence=0.8712628624588251
correct_mean_confidence=0.9337931880337036
wrong_mean_confidence=0.5548215178829251
confidence_gap=0.3789716701507785
probabilities_available=True
error_type=
error_message=
