run_id=run_20260616_213054
runner_name=陈业伟
start_time=2026-06-16T21:30:54
dataset_dir=D:\aiHW\Tabular-Foundation-Models-Evaluation\data\selected_talent\sample_scale\A_1000_3000\kc1_2109rows_21feat_binclass
model=lightgbm
device=cpu
model_path=None
memory_sample_interval_seconds=0.05
end_time=2026-06-16T21:30:54
runner_name=陈业伟
success=True
fit_time_seconds=0.26609369996003807
predict_time_seconds=0.0043892000103369355
wall_time_seconds=0.6729868000838906
peak_memory_mb=182.515625
training_throughput=133137.3121773286
accuracy=0.8720379146919431
balanced_accuracy=0.7041585865115276
macro_f1=0.726171593366979
mean_confidence=0.9345708441213681
correct_mean_confidence=0.9474501545665971
wrong_mean_confidence=0.8468007284946234
confidence_gap=0.10064942607197369
probabilities_available=True
error_type=
error_message=
