run_id=run_20260616_205535
runner_name=XYJ
start_time=2026-06-16T20:55:35
dataset_dir=C:\Users\11575\Desktop\Tabular-Foundation-Models-Evaluation\data\selected_talent\feature_scale\F3_100_300\mfeat-pixel_2000rows_240feat_multiclass
model=lightgbm
device=cpu
model_path=None
memory_sample_interval_seconds=0.05
end_time=2026-06-16T20:55:36
runner_name=XYJ
success=True
fit_time_seconds=1.0261710999766365
predict_time_seconds=0.005976499989628792
wall_time_seconds=1.2689884999999776
peak_memory_mb=210.9921875
training_throughput=374206.6016171599
accuracy=0.9625
balanced_accuracy=0.9625
macro_f1=0.9626858067264056
mean_confidence=0.9859393009465113
correct_mean_confidence=0.9947027435789728
wrong_mean_confidence=0.7610109400466687
confidence_gap=0.23369180353230412
probabilities_available=True
error_type=
error_message=
