run_id=run_20260616_205555
runner_name=陈业伟
start_time=2026-06-16T20:55:55
dataset_dir=D:\aiHW\Tabular-Foundation-Models-Evaluation\data\selected_talent\feature_scale\F2_20_100\mfeat-zernike_2000rows_47feat_multiclass
model=lightgbm
device=cpu
model_path=None
memory_sample_interval_seconds=0.05
end_time=2026-06-16T20:55:56
runner_name=陈业伟
success=True
fit_time_seconds=1.196005400037393
predict_time_seconds=0.009640499949455261
wall_time_seconds=1.4849909000331536
peak_memory_mb=201.703125
training_throughput=62875.97029047601
accuracy=0.77
balanced_accuracy=0.7699999999999999
macro_f1=0.775125536874906
mean_confidence=0.9431786429773211
correct_mean_confidence=0.9694156698236452
wrong_mean_confidence=0.8553416400570181
confidence_gap=0.11407402976662717
probabilities_available=True
error_type=
error_message=
