run_id=run_20260616_213236
runner_name=时光银
start_time=2026-06-16T21:32:36
dataset_dir=D:\_Projects\Tabular-Foundation-Models-Evaluation\data\selected_talent\feature_scale\F3_100_300\mfeat-pixel_2000rows_240feat_multiclass
model=tabicl
device=cpu
model_path=D:\_Projects\Tabular-Foundation-Models-Evaluation\.local_models\tabicl\tabicl-classifier-v2-20260212.ckpt
memory_sample_interval_seconds=0.05
end_time=2026-06-16T21:34:48
runner_name=时光银
success=True
fit_time_seconds=1.6811823999996705
predict_time_seconds=59.012787099999514
wall_time_seconds=132.1549301999994
peak_memory_mb=19079.82421875
training_throughput=228410.67096590783
accuracy=0.975
balanced_accuracy=0.975
macro_f1=0.9749480106103701
mean_confidence=0.9881675110012292
correct_mean_confidence=0.9948017617830863
wrong_mean_confidence=0.7294317305088043
confidence_gap=0.26537003127428205
probabilities_available=True
error_type=
error_message=
