run_id=run_20260616_205651
runner_name=XYJ
start_time=2026-06-16T20:56:51
dataset_dir=C:\Users\11575\Desktop\Tabular-Foundation-Models-Evaluation\data\selected_talent\sample_scale\A_1000_3000\pc1_1109rows_21feat_binclass
model=tabpfn
device=cpu
model_path=C:\Users\11575\Desktop\Tabular-Foundation-Models-Evaluation\.local_models\tabpfn\tabpfn-v2-classifier-finetuned-zk73skhh.ckpt
memory_sample_interval_seconds=0.05
end_time=2026-06-16T20:57:11
runner_name=XYJ
success=True
fit_time_seconds=2.6445698000025004
predict_time_seconds=7.09352769999532
wall_time_seconds=20.32426879997365
peak_memory_mb=973.74609375
training_throughput=7043.489644320369
accuracy=0.9594594594594594
balanced_accuracy=0.7309178743961353
macro_f1=0.7936589899824436
mean_confidence=0.948523456985886
correct_mean_confidence=0.9533641646165802
wrong_mean_confidence=0.833960043059455
confidence_gap=0.11940412155712521
probabilities_available=True
error_type=
error_message=
