run_id=run_20260616_214752
runner_name=时光银
start_time=2026-06-16T21:47:52
dataset_dir=D:\_Projects\Tabular-Foundation-Models-Evaluation\data\selected_talent\sample_scale\A_1000_3000\pc1_1109rows_21feat_binclass
model=tabpfn
device=cpu
model_path=D:\_Projects\Tabular-Foundation-Models-Evaluation\.local_models\tabpfn\tabpfn-v2-classifier-finetuned-zk73skhh.ckpt
memory_sample_interval_seconds=0.05
end_time=2026-06-16T21:48:27
runner_name=时光银
success=True
fit_time_seconds=1.977144500000577
predict_time_seconds=14.90195329999915
wall_time_seconds=35.054236500000115
peak_memory_mb=967.125
training_throughput=9421.162691950216
accuracy=0.9594594594594594
balanced_accuracy=0.7309178743961353
macro_f1=0.7936589899824436
mean_confidence=0.9485234642350996
correct_mean_confidence=0.9533641746906047
wrong_mean_confidence=0.8339599834548103
confidence_gap=0.11940419123579449
probabilities_available=True
error_type=
error_message=
