run_id=run_20260616_205639
runner_name=XYJ
start_time=2026-06-16T20:56:39
dataset_dir=C:\Users\11575\Desktop\Tabular-Foundation-Models-Evaluation\data\selected_talent\sample_scale\A_1000_3000\kc1_2109rows_21feat_binclass
model=lightgbm
device=cpu
model_path=None
memory_sample_interval_seconds=0.05
end_time=2026-06-16T20:56:39
runner_name=XYJ
success=True
fit_time_seconds=0.13915030000498518
predict_time_seconds=0.0024834999931044877
wall_time_seconds=0.28241819998947904
peak_memory_mb=178.73046875
training_throughput=254595.21106839724
accuracy=0.8720379146919431
balanced_accuracy=0.7041585865115276
macro_f1=0.726171593366979
mean_confidence=0.9345708441213681
correct_mean_confidence=0.9474501545665971
wrong_mean_confidence=0.8468007284946234
confidence_gap=0.10064942607197369
probabilities_available=True
error_type=
error_message=
