run_id=run_20260616_205016
runner_name=XYJ
start_time=2026-06-16T20:50:16
dataset_dir=C:\Users\11575\Desktop\Tabular-Foundation-Models-Evaluation\data\selected_talent\feature_scale\F3_100_300\mfeat-pixel_2000rows_240feat_multiclass
model=tabpfn
device=cpu
model_path=C:\Users\11575\Desktop\Tabular-Foundation-Models-Evaluation\.local_models\tabpfn\tabpfn-v2-classifier-finetuned-zk73skhh.ckpt
memory_sample_interval_seconds=0.05
end_time=2026-06-16T20:55:32
runner_name=XYJ
success=True
fit_time_seconds=4.149572699971031
predict_time_seconds=152.51398530002916
wall_time_seconds=316.01460469997255
peak_memory_mb=2227.11328125
training_throughput=92539.64872158541
accuracy=0.965
balanced_accuracy=0.9650000000000001
macro_f1=0.9649345702812457
mean_confidence=0.9603755038976669
correct_mean_confidence=0.9746855898070211
wrong_mean_confidence=0.5658259923968997
confidence_gap=0.40885959741012146
probabilities_available=True
error_type=
error_message=
