run_id=run_20260616_205835
runner_name=陈业伟
start_time=2026-06-16T20:58:35
dataset_dir=D:\aiHW\Tabular-Foundation-Models-Evaluation\data\selected_talent\feature_scale\F3_100_300\mfeat-factors_2000rows_216feat_multiclass
model=tabpfn
device=cpu
model_path=D:\aiHW\Tabular-Foundation-Models-Evaluation\.local_models\tabpfn\tabpfn-v2-classifier-finetuned-zk73skhh.ckpt
memory_sample_interval_seconds=0.05
end_time=2026-06-16T21:10:12
runner_name=陈业伟
success=True
fit_time_seconds=1.9268694000784308
predict_time_seconds=341.0083105999511
wall_time_seconds=697.5282658999786
peak_memory_mb=2119.09375
training_throughput=179358.28966194222
accuracy=0.975
balanced_accuracy=0.975
macro_f1=0.9749268786721188
mean_confidence=0.9800752971321345
correct_mean_confidence=0.9880232260013238
wrong_mean_confidence=0.6701060712337494
confidence_gap=0.3179171547675743
probabilities_available=True
error_type=
error_message=
