run_id=run_20260616_041412
runner_name=姚怀宇
start_time=2026-06-16T04:14:12
dataset_dir=D:\_Projects\Tabular-Foundation-Models-Evaluation\data\selected_talent\sample_scale\C_10000_30000\jm1_10885rows_21feat_binclass
model=tabicl
device=cpu
model_path=D:\_Projects\Tabular-Foundation-Models-Evaluation\.local_models\tabicl\tabicl-classifier-v2-20260212.ckpt
memory_sample_interval_seconds=0.05
end_time=2026-06-16T04:17:10
runner_name=姚怀宇
success=True
fit_time_seconds=0.5870727999717928
predict_time_seconds=86.474469400011
wall_time_seconds=177.41823870001826
peak_memory_mb=10197.140625
training_throughput=311491.1813471622
accuracy=0.8259072117593018
balanced_accuracy=0.6004442183974592
macro_f1=0.6202892414602437
mean_confidence=0.8423218913564564
correct_mean_confidence=0.8606758887762488
wrong_mean_confidence=0.7552493653385495
confidence_gap=0.10542652343769932
probabilities_available=True
error_type=
error_message=
