run_id=run_20260616_205759
runner_name=时光银
start_time=2026-06-16T20:57:59
dataset_dir=D:\_Projects\Tabular-Foundation-Models-Evaluation\data\selected_talent\feature_scale\F2_20_100\mfeat-fourier_2000rows_76feat_multiclass
model=xgboost
device=cpu
model_path=None
memory_sample_interval_seconds=0.05
end_time=2026-06-16T20:58:03
runner_name=时光银
success=True
fit_time_seconds=3.3661910999999236
predict_time_seconds=0.00515220000033878
wall_time_seconds=3.408816199999819
peak_memory_mb=316.5546875
training_throughput=36123.91465238048
accuracy=0.87
balanced_accuracy=0.8699999999999999
macro_f1=0.8696430444284842
mean_confidence=0.9051380060613156
correct_mean_confidence=0.9364126357196392
wrong_mean_confidence=0.6958385614248422
confidence_gap=0.24057407429479694
probabilities_available=True
error_type=
error_message=
