run_id=run_20260616_012618
runner_name=姚怀宇
start_time=2026-06-16T01:26:18
dataset_dir=D:\_Projects\Tabular-Foundation-Models-Evaluation\data\selected_talent\sample_scale\C_10000_30000\default_of_credit_card_clients_30000rows_23feat_binclass
model=tabicl
device=cpu
model_path=D:\_Projects\Tabular-Foundation-Models-Evaluation\.local_models\tabicl\tabicl-classifier-v2-20260212.ckpt
memory_sample_interval_seconds=0.05
end_time=2026-06-16T01:45:44
runner_name=姚怀宇
success=True
fit_time_seconds=0.7861173000419512
predict_time_seconds=575.1985461000004
wall_time_seconds=1165.7463904999895
peak_memory_mb=18144.91796875
training_throughput=702185.2845250225
accuracy=0.827
balanced_accuracy=0.6685162933951249
macro_f1=0.6956106349773291
mean_confidence=0.8379435923000177
correct_mean_confidence=0.8551297641026305
wrong_mean_confidence=0.7557877305615155
confidence_gap=0.09934203354111504
probabilities_available=True
error_type=
error_message=
