run_id=run_20260616_213224
runner_name=陈业伟
start_time=2026-06-16T21:32:24
dataset_dir=D:\aiHW\Tabular-Foundation-Models-Evaluation\data\selected_talent\sample_scale\A_1000_3000\pc1_1109rows_21feat_binclass
model=xgboost
device=cpu
model_path=None
memory_sample_interval_seconds=0.05
end_time=2026-06-16T21:32:24
runner_name=陈业伟
success=True
fit_time_seconds=0.22811340005137026
predict_time_seconds=0.0016146000707522035
wall_time_seconds=0.28589900000952184
peak_memory_mb=280.2578125
training_throughput=81656.75491139613
accuracy=0.9459459459459459
balanced_accuracy=0.7236714975845411
macro_f1=0.7548767022451233
mean_confidence=0.9662917516789995
correct_mean_confidence=0.9738463203112284
wrong_mean_confidence=0.8340868006149927
confidence_gap=0.13975951969623568
probabilities_available=True
error_type=
error_message=
