run_id=run_20260616_204305
runner_name=XYJ
start_time=2026-06-16T20:43:05
dataset_dir=C:\Users\11575\Desktop\Tabular-Foundation-Models-Evaluation\data\selected_talent\feature_scale\F3_100_300\mfeat-factors_2000rows_216feat_multiclass
model=tabicl
device=cpu
model_path=C:\Users\11575\Desktop\Tabular-Foundation-Models-Evaluation\.local_models\tabicl\tabicl-classifier-v2-20260212.ckpt
memory_sample_interval_seconds=0.05
end_time=2026-06-16T20:44:04
runner_name=XYJ
success=True
fit_time_seconds=1.0223462999565527
predict_time_seconds=29.817397900042124
wall_time_seconds=58.84283699997468
peak_memory_mb=18328.796875
training_throughput=338045.9243748299
accuracy=0.9825
balanced_accuracy=0.9824999999999999
macro_f1=0.9824984372558212
mean_confidence=0.9924362563341856
correct_mean_confidence=0.9949570208712085
wrong_mean_confidence=0.8509133330413273
confidence_gap=0.1440436878298812
probabilities_available=True
error_type=
error_message=
