run_id=run_20260616_211100
runner_name=时光银
start_time=2026-06-16T21:11:00
dataset_dir=D:\_Projects\Tabular-Foundation-Models-Evaluation\data\selected_talent\feature_scale\F1_6_20\mfeat-morphological_2000rows_6feat_multiclass
model=xgboost
device=cpu
model_path=None
memory_sample_interval_seconds=0.05
end_time=2026-06-16T21:11:02
runner_name=时光银
success=True
fit_time_seconds=1.6045020999999906
predict_time_seconds=0.005219800000304531
wall_time_seconds=1.6430193999995026
peak_memory_mb=291.1015625
training_throughput=5983.164496948964
accuracy=0.7125
balanced_accuracy=0.7125
macro_f1=0.7111569244028669
mean_confidence=0.852307764813304
correct_mean_confidence=0.9029671179620843
wrong_mean_confidence=0.7267606722271961
confidence_gap=0.1762064457348882
probabilities_available=True
error_type=
error_message=
