run_id=run_20260616_205237
runner_name=陈业伟
start_time=2026-06-16T20:52:37
dataset_dir=D:\aiHW\Tabular-Foundation-Models-Evaluation\data\selected_talent\feature_scale\F2_20_100\mfeat-zernike_2000rows_47feat_multiclass
model=tabicl
device=cpu
model_path=D:\aiHW\Tabular-Foundation-Models-Evaluation\.local_models\tabicl\tabicl-classifier-v2-20260212.ckpt
memory_sample_interval_seconds=0.05
end_time=2026-06-16T20:53:09
runner_name=陈业伟
success=True
fit_time_seconds=0.48076509998645633
predict_time_seconds=13.877184599987231
wall_time_seconds=32.3613451999845
peak_memory_mb=3614.84765625
training_throughput=156417.34394222556
accuracy=0.8925
balanced_accuracy=0.8925000000000001
macro_f1=0.8913521741273422
mean_confidence=0.8809297915548087
correct_mean_confidence=0.9220417570166227
wrong_mean_confidence=0.5396048689997474
confidence_gap=0.38243688801687536
probabilities_available=True
error_type=
error_message=
