run_id=run_20260617_004843
runner_name=陈业伟
start_time=2026-06-17T00:48:43
dataset_dir=D:\aiHW\Tabular-Foundation-Models-Evaluation\data\selected_talent\sample_scale\C_10000_30000\jm1_10885rows_21feat_binclass
model=xgboost
device=cpu
model_path=None
memory_sample_interval_seconds=0.05
end_time=2026-06-17T00:48:43
runner_name=陈业伟
success=True
fit_time_seconds=0.2748866999754682
predict_time_seconds=0.002205300028435886
wall_time_seconds=0.33613279997371137
peak_memory_mb=288.7734375
training_throughput=665248.6279486048
accuracy=0.8107487367937529
balanced_accuracy=0.577504206818563
macro_f1=0.5890435311711923
mean_confidence=0.8321812994774734
correct_mean_confidence=0.850259869362072
wrong_mean_confidence=0.7547330571320451
confidence_gap=0.0955268122300269
probabilities_available=True
error_type=
error_message=
