run_id=run_20260616_010849
runner_name=姚怀宇
start_time=2026-06-16T01:08:49
dataset_dir=D:\_Projects\Tabular-Foundation-Models-Evaluation\data\selected_talent\sample_scale\A_1000_3000\pc1_1109rows_21feat_binclass
model=xgboost
device=cpu
model_path=None
memory_sample_interval_seconds=0.05
end_time=2026-06-16T01:08:49
runner_name=姚怀宇
success=True
fit_time_seconds=0.10743590001948178
predict_time_seconds=0.0026181000284850597
wall_time_seconds=0.15106329997070134
peak_memory_mb=165.23828125
training_throughput=173377.80012660843
accuracy=0.9459459459459459
balanced_accuracy=0.7236714975845411
macro_f1=0.7548767022451233
mean_confidence=0.9662917516789995
correct_mean_confidence=0.9738463203112284
wrong_mean_confidence=0.8340868006149927
confidence_gap=0.13975951969623568
probabilities_available=True
error_type=
error_message=
