run_id=run_20260616_212759
runner_name=陈业伟
start_time=2026-06-16T21:27:59
dataset_dir=D:\aiHW\Tabular-Foundation-Models-Evaluation\data\selected_talent\feature_scale\F3_100_300\mfeat-pixel_2000rows_240feat_multiclass
model=xgboost
device=cpu
model_path=None
memory_sample_interval_seconds=0.05
end_time=2026-06-16T21:28:02
runner_name=陈业伟
success=True
fit_time_seconds=2.3355275999056175
predict_time_seconds=0.006653200020082295
wall_time_seconds=2.633022000081837
peak_memory_mb=312.6328125
training_throughput=164416.8110090063
accuracy=0.96
balanced_accuracy=0.96
macro_f1=0.9601860176860176
mean_confidence=0.9587739767879248
correct_mean_confidence=0.9740595965801427
wrong_mean_confidence=0.5919191017746925
confidence_gap=0.3821404948054502
probabilities_available=True
error_type=
error_message=
