run_id=run_20260617_002910
runner_name=陈业伟
start_time=2026-06-17T00:29:10
dataset_dir=D:\aiHW\Tabular-Foundation-Models-Evaluation\data\selected_talent\sample_scale\C_10000_30000\default_of_credit_card_clients_30000rows_23feat_binclass
model=xgboost
device=cpu
model_path=None
memory_sample_interval_seconds=0.05
end_time=2026-06-17T00:29:11
runner_name=陈业伟
success=True
fit_time_seconds=0.5121421000221744
predict_time_seconds=0.0067122000036761165
wall_time_seconds=0.6759557999903336
peak_memory_mb=305.60546875
training_throughput=1077825.8611742714
accuracy=0.8223333333333334
balanced_accuracy=0.6614734777266702
macro_f1=0.6871585939627674
mean_confidence=0.8280391526619594
correct_mean_confidence=0.845329383739248
wrong_mean_confidence=0.7480110099458784
confidence_gap=0.0973183737933696
probabilities_available=True
error_type=
error_message=
