run_id=run_20260616_204756
runner_name=陈业伟
start_time=2026-06-16T20:47:56
dataset_dir=D:\aiHW\Tabular-Foundation-Models-Evaluation\data\selected_talent\feature_scale\F2_20_100\mfeat-fourier_2000rows_76feat_multiclass
model=xgboost
device=cpu
model_path=None
memory_sample_interval_seconds=0.05
end_time=2026-06-16T20:47:59
runner_name=陈业伟
success=True
fit_time_seconds=2.898262699949555
predict_time_seconds=0.004915100056678057
wall_time_seconds=2.9640632999362424
peak_memory_mb=314.33203125
training_throughput=41956.16912232162
accuracy=0.8725
balanced_accuracy=0.8724999999999999
macro_f1=0.8717696041432792
mean_confidence=0.9043641747534275
correct_mean_confidence=0.9345063423700524
wrong_mean_confidence=0.6980971845926023
confidence_gap=0.23640915777745009
probabilities_available=True
error_type=
error_message=
