run_id=run_20260616_203901
runner_name=XYJ
start_time=2026-06-16T20:39:01
dataset_dir=C:\Users\11575\Desktop\Tabular-Foundation-Models-Evaluation\data\selected_talent\feature_scale\F2_20_100\mfeat-fourier_2000rows_76feat_multiclass
model=lightgbm
device=cpu
model_path=None
memory_sample_interval_seconds=0.05
end_time=2026-06-16T20:39:02
runner_name=XYJ
success=True
fit_time_seconds=0.9991677000070922
predict_time_seconds=0.00797560001956299
wall_time_seconds=1.1567822999786586
peak_memory_mb=212.75390625
training_throughput=121701.29198445553
accuracy=0.8725
balanced_accuracy=0.8724999999999999
macro_f1=0.871777208722768
mean_confidence=0.9578671175312925
correct_mean_confidence=0.9770543206220715
wrong_mean_confidence=0.8265664532434124
confidence_gap=0.15048786737865916
probabilities_available=True
error_type=
error_message=
