run_id=run_20260616_212855
runner_name=陈业伟
start_time=2026-06-16T21:28:55
dataset_dir=D:\aiHW\Tabular-Foundation-Models-Evaluation\data\selected_talent\sample_scale\A_1000_3000\kc1_2109rows_21feat_binclass
model=tabpfn
device=cpu
model_path=D:\aiHW\Tabular-Foundation-Models-Evaluation\.local_models\tabpfn\tabpfn-v2-classifier-finetuned-zk73skhh.ckpt
memory_sample_interval_seconds=0.05
end_time=2026-06-16T21:30:49
runner_name=陈业伟
success=True
fit_time_seconds=1.1796624000417069
predict_time_seconds=49.77795530005824
wall_time_seconds=113.2924452999141
peak_memory_mb=1291.0703125
training_throughput=30031.47341031424
accuracy=0.8767772511848341
balanced_accuracy=0.6440422322775263
macro_f1=0.6828168362627197
mean_confidence=0.8822763199207342
correct_mean_confidence=0.9011886438807926
wrong_mean_confidence=0.7477078609741651
confidence_gap=0.15348078290662748
probabilities_available=True
error_type=
error_message=
