run_id=run_20260616_214551
runner_name=时光银
start_time=2026-06-16T21:45:51
dataset_dir=D:\_Projects\Tabular-Foundation-Models-Evaluation\data\selected_talent\feature_scale\F3_100_300\mfeat-pixel_2000rows_240feat_multiclass
model=lightgbm
device=cpu
model_path=None
memory_sample_interval_seconds=0.05
end_time=2026-06-16T21:45:53
runner_name=时光银
success=True
fit_time_seconds=1.5333554999997432
predict_time_seconds=0.010755399999652582
wall_time_seconds=1.8740313999996943
peak_memory_mb=208.40625
training_throughput=250431.16224519644
accuracy=0.9625
balanced_accuracy=0.9625
macro_f1=0.9626858067264056
mean_confidence=0.9859393009465113
correct_mean_confidence=0.9947027435789728
wrong_mean_confidence=0.7610109400466687
confidence_gap=0.23369180353230412
probabilities_available=True
error_type=
error_message=
