run_id=run_20260616_221016
runner_name=XYJ
start_time=2026-06-16T22:10:16
dataset_dir=C:\Users\11575\Desktop\Tabular-Foundation-Models-Evaluation\data\selected_talent\sample_scale\C_10000_30000\default_of_credit_card_clients_30000rows_23feat_binclass
model=lightgbm
device=cpu
model_path=None
memory_sample_interval_seconds=0.05
end_time=2026-06-16T22:10:16
runner_name=XYJ
success=True
fit_time_seconds=0.3310437999898568
predict_time_seconds=0.00910450000083074
wall_time_seconds=0.5946224000072107
peak_memory_mb=197.69921875
training_throughput=1667453.0681949437
accuracy=0.8245
balanced_accuracy=0.6661019523885471
macro_f1=0.6922778844674413
mean_confidence=0.8273665187672101
correct_mean_confidence=0.8440361100163896
wrong_mean_confidence=0.7490526840951384
confidence_gap=0.0949834259212512
probabilities_available=True
error_type=
error_message=
