run_id=run_20260616_203545
runner_name=XYJ
start_time=2026-06-16T20:35:45
dataset_dir=C:\Users\11575\Desktop\Tabular-Foundation-Models-Evaluation\data\selected_talent\feature_scale\F1_6_20\mfeat-morphological_2000rows_6feat_multiclass
model=tabicl
device=cpu
model_path=C:\Users\11575\Desktop\Tabular-Foundation-Models-Evaluation\.local_models\tabicl\tabicl-classifier-v2-20260212.ckpt
memory_sample_interval_seconds=0.05
end_time=2026-06-16T20:35:53
runner_name=XYJ
success=True
fit_time_seconds=0.20812460000161082
predict_time_seconds=2.7826749000232667
wall_time_seconds=7.617552599986084
peak_memory_mb=1235.5546875
training_throughput=46126.21477675248
accuracy=0.775
balanced_accuracy=0.775
macro_f1=0.7680489426622548
mean_confidence=0.7823578254133463
correct_mean_confidence=0.8347801118127761
wrong_mean_confidence=0.6017921722597546
confidence_gap=0.23298793955302155
probabilities_available=True
error_type=
error_message=
