run_id=run_20260616_214600
runner_name=时光银
start_time=2026-06-16T21:46:00
dataset_dir=D:\_Projects\Tabular-Foundation-Models-Evaluation\data\selected_talent\sample_scale\A_1000_3000\kc1_2109rows_21feat_binclass
model=tabicl
device=cpu
model_path=D:\_Projects\Tabular-Foundation-Models-Evaluation\.local_models\tabicl\tabicl-classifier-v2-20260212.ckpt
memory_sample_interval_seconds=0.05
end_time=2026-06-16T21:46:18
runner_name=时光银
success=True
fit_time_seconds=0.46612350000032166
predict_time_seconds=7.8728269999992335
wall_time_seconds=18.332395600000382
peak_memory_mb=2373.8984375
training_throughput=76003.46260159712
accuracy=0.8767772511848341
balanced_accuracy=0.6692092221503987
macro_f1=0.7050537634408602
mean_confidence=0.8830918131563901
correct_mean_confidence=0.90598567595353
wrong_mean_confidence=0.7201931740228946
confidence_gap=0.18579250193063535
probabilities_available=True
error_type=
error_message=
