run_id=run_20260616_221824
runner_name=时光银
start_time=2026-06-16T22:18:24
dataset_dir=D:\_Projects\Tabular-Foundation-Models-Evaluation\data\selected_talent\sample_scale\C_10000_30000\default_of_credit_card_clients_30000rows_23feat_binclass
model=tabpfn
device=cpu
model_path=D:\_Projects\Tabular-Foundation-Models-Evaluation\.local_models\tabpfn\tabpfn-v2-classifier-finetuned-zk73skhh.ckpt
memory_sample_interval_seconds=0.05
end_time=2026-06-17T11:41:15
runner_name=时光银
success=True
fit_time_seconds=3.422391300000527
predict_time_seconds=4364.364891699999
wall_time_seconds=48178.453160000005
peak_memory_mb=4771.93359375
training_throughput=161290.73259387814
accuracy=0.8258333333333333
balanced_accuracy=0.6691162703990972
macro_f1=0.695547934812297
mean_confidence=0.8413193134168784
correct_mean_confidence=0.856645261206853
wrong_mean_confidence=0.7686493887285296
confidence_gap=0.08799587247832341
probabilities_available=True
error_type=
error_message=
