run_id=run_20260616_205605
runner_name=陈业伟
start_time=2026-06-16T20:56:05
dataset_dir=D:\aiHW\Tabular-Foundation-Models-Evaluation\data\selected_talent\feature_scale\F3_100_300\mfeat-factors_2000rows_216feat_multiclass
model=tabicl
device=cpu
model_path=D:\aiHW\Tabular-Foundation-Models-Evaluation\.local_models\tabicl\tabicl-classifier-v2-20260212.ckpt
memory_sample_interval_seconds=0.05
end_time=2026-06-16T20:58:27
runner_name=陈业伟
success=True
fit_time_seconds=1.169569700025022
predict_time_seconds=74.62457890005317
wall_time_seconds=141.236874800059
peak_memory_mb=17495.3125
training_throughput=295493.2912442979
accuracy=0.9825
balanced_accuracy=0.9824999999999999
macro_f1=0.9824984372558212
mean_confidence=0.9924362573027611
correct_mean_confidence=0.9949570157145726
wrong_mean_confidence=0.8509136778967721
confidence_gap=0.14404333781780054
probabilities_available=True
error_type=
error_message=
