run_id=run_20260616_004919
runner_name=姚怀宇
start_time=2026-06-16T00:49:19
dataset_dir=D:\_Projects\Tabular-Foundation-Models-Evaluation\data\selected_talent\feature_scale\F3_100_300\mfeat-pixel_2000rows_240feat_multiclass
model=tabicl
device=cpu
model_path=D:\_Projects\Tabular-Foundation-Models-Evaluation\.local_models\tabicl\tabicl-classifier-v2-20260212.ckpt
memory_sample_interval_seconds=0.05
end_time=2026-06-16T00:52:29
runner_name=姚怀宇
success=True
fit_time_seconds=1.4858564999885857
predict_time_seconds=97.0262500999961
wall_time_seconds=190.25453629996628
peak_memory_mb=18036.578125
training_throughput=258436.80059477472
accuracy=0.975
balanced_accuracy=0.975
macro_f1=0.9749480106103701
mean_confidence=0.9881675165891647
correct_mean_confidence=0.9948017577330271
wrong_mean_confidence=0.7294321119785309
confidence_gap=0.2653696457544963
probabilities_available=True
error_type=
error_message=
