run_id=run_20260616_205849
runner_name=时光银
start_time=2026-06-16T20:58:49
dataset_dir=D:\_Projects\Tabular-Foundation-Models-Evaluation\data\selected_talent\sample_scale\B_3000_10000\ringnorm_7400rows_20feat_binclass
model=lightgbm
device=cpu
model_path=None
memory_sample_interval_seconds=0.05
end_time=2026-06-16T20:58:49
runner_name=时光银
success=True
fit_time_seconds=0.33007720000023255
predict_time_seconds=0.005040200000621553
wall_time_seconds=0.5442063000000417
peak_memory_mb=185.87890625
training_throughput=358703.96379973105
accuracy=0.9743243243243244
balanced_accuracy=0.9742581056376484
macro_f1=0.9743175707271452
mean_confidence=0.9773356686842241
correct_mean_confidence=0.9825830948191318
wrong_mean_confidence=0.7782096558806278
confidence_gap=0.2043734389385039
probabilities_available=True
error_type=
error_message=
