run_id=run_20260616_002745
runner_name=姚怀宇
start_time=2026-06-16T00:27:45
dataset_dir=D:\_Projects\Tabular-Foundation-Models-Evaluation\data\selected_talent\feature_scale\F2_20_100\mfeat-zernike_2000rows_47feat_multiclass
model=tabicl
device=cpu
model_path=D:\_Projects\Tabular-Foundation-Models-Evaluation\.local_models\tabicl\tabicl-classifier-v2-20260212.ckpt
memory_sample_interval_seconds=0.05
end_time=2026-06-16T00:28:21
runner_name=姚怀宇
success=True
fit_time_seconds=0.578245600045193
predict_time_seconds=16.463227799977176
wall_time_seconds=35.80841430003056
peak_memory_mb=3609.22265625
training_throughput=130048.54683567453
accuracy=0.8925
balanced_accuracy=0.8925000000000001
macro_f1=0.8913521741273422
mean_confidence=0.880929790660739
correct_mean_confidence=0.9220417594375396
wrong_mean_confidence=0.5396048405835795
confidence_gap=0.38243691885396014
probabilities_available=True
error_type=
error_message=
