run_id=run_20260616_211033
runner_name=陈业伟
start_time=2026-06-16T21:10:33
dataset_dir=D:\aiHW\Tabular-Foundation-Models-Evaluation\data\selected_talent\feature_scale\F3_100_300\mfeat-pixel_2000rows_240feat_multiclass
model=tabicl
device=cpu
model_path=D:\aiHW\Tabular-Foundation-Models-Evaluation\.local_models\tabicl\tabicl-classifier-v2-20260212.ckpt
memory_sample_interval_seconds=0.05
end_time=2026-06-16T21:13:26
runner_name=陈业伟
success=True
fit_time_seconds=1.4339629999594763
predict_time_seconds=81.83737189997919
wall_time_seconds=172.68535779998638
peak_memory_mb=17776.88671875
training_throughput=267789.3362735662
accuracy=0.975
balanced_accuracy=0.975
macro_f1=0.9749480106103701
mean_confidence=0.9881675180792808
correct_mean_confidence=0.9948017591849352
wrong_mean_confidence=0.7294321149587631
confidence_gap=0.26536964422617204
probabilities_available=True
error_type=
error_message=
