run_id=run_20260616_205822
runner_name=时光银
start_time=2026-06-16T20:58:22
dataset_dir=D:\_Projects\Tabular-Foundation-Models-Evaluation\data\selected_talent\feature_scale\F3_100_300\mfeat-factors_2000rows_216feat_multiclass
model=lightgbm
device=cpu
model_path=None
memory_sample_interval_seconds=0.05
end_time=2026-06-16T20:58:24
runner_name=时光银
success=True
fit_time_seconds=2.1868623999998817
predict_time_seconds=0.00821300000006886
wall_time_seconds=2.4016891999999643
peak_memory_mb=225.0859375
training_throughput=158034.63446077754
accuracy=0.9675
balanced_accuracy=0.9674999999999999
macro_f1=0.9673458371384378
mean_confidence=0.9910067993222623
correct_mean_confidence=0.996671159040672
wrong_mean_confidence=0.8223831677049913
confidence_gap=0.17428799133568074
probabilities_available=True
error_type=
error_message=
