run_id=run_20260616_212746
runner_name=陈业伟
start_time=2026-06-16T21:27:46
dataset_dir=D:\aiHW\Tabular-Foundation-Models-Evaluation\data\selected_talent\feature_scale\F3_100_300\mfeat-pixel_2000rows_240feat_multiclass
model=lightgbm
device=cpu
model_path=None
memory_sample_interval_seconds=0.05
end_time=2026-06-16T21:27:48
runner_name=陈业伟
success=True
fit_time_seconds=1.3224868000252172
predict_time_seconds=0.03282970003783703
wall_time_seconds=2.0918034999631345
peak_memory_mb=208.33984375
training_throughput=290362.06636820716
accuracy=0.9625
balanced_accuracy=0.9625
macro_f1=0.9626858067264056
mean_confidence=0.9859393009465113
correct_mean_confidence=0.9947027435789728
wrong_mean_confidence=0.7610109400466687
confidence_gap=0.23369180353230412
probabilities_available=True
error_type=
error_message=
