run_id=run_20260616_211834
runner_name=时光银
start_time=2026-06-16T21:18:34
dataset_dir=D:\_Projects\Tabular-Foundation-Models-Evaluation\data\selected_talent\feature_scale\F2_20_100\mfeat-zernike_2000rows_47feat_multiclass
model=tabicl
device=cpu
model_path=D:\_Projects\Tabular-Foundation-Models-Evaluation\.local_models\tabicl\tabicl-classifier-v2-20260212.ckpt
memory_sample_interval_seconds=0.05
end_time=2026-06-16T21:18:58
runner_name=时光银
success=True
fit_time_seconds=0.5932501000006596
predict_time_seconds=11.089246800000183
wall_time_seconds=24.012841499999922
peak_memory_mb=3553.1640625
training_throughput=126759.3549498203
accuracy=0.8925
balanced_accuracy=0.8925000000000001
macro_f1=0.8913521741273422
mean_confidence=0.8809297882020474
correct_mean_confidence=0.9220417918277388
wrong_mean_confidence=0.539604548798051
confidence_gap=0.38243724302968785
probabilities_available=True
error_type=
error_message=
