run_id=run_20260616_210213
runner_name=XYJ
start_time=2026-06-16T21:02:13
dataset_dir=C:\Users\11575\Desktop\Tabular-Foundation-Models-Evaluation\data\selected_talent\sample_scale\B_3000_10000\ringnorm_7400rows_20feat_binclass
model=lightgbm
device=cpu
model_path=None
memory_sample_interval_seconds=0.05
end_time=2026-06-16T21:02:14
runner_name=XYJ
success=True
fit_time_seconds=0.1503696000436321
predict_time_seconds=0.004720100027043372
wall_time_seconds=0.3025298999855295
peak_memory_mb=182.6875
training_throughput=787393.1962686898
accuracy=0.9743243243243244
balanced_accuracy=0.9742581056376484
macro_f1=0.9743175707271452
mean_confidence=0.9773356686842241
correct_mean_confidence=0.9825830948191318
wrong_mean_confidence=0.7782096558806278
confidence_gap=0.2043734389385039
probabilities_available=True
error_type=
error_message=
