run_id=run_20260616_204406
runner_name=XYJ
start_time=2026-06-16T20:44:06
dataset_dir=C:\Users\11575\Desktop\Tabular-Foundation-Models-Evaluation\data\selected_talent\feature_scale\F3_100_300\mfeat-factors_2000rows_216feat_multiclass
model=tabpfn
device=cpu
model_path=C:\Users\11575\Desktop\Tabular-Foundation-Models-Evaluation\.local_models\tabpfn\tabpfn-v2-classifier-finetuned-zk73skhh.ckpt
memory_sample_interval_seconds=0.05
end_time=2026-06-16T20:49:07
runner_name=XYJ
success=True
fit_time_seconds=4.112654099997599
predict_time_seconds=146.27572690002853
wall_time_seconds=301.0121195000247
peak_memory_mb=2105.40625
training_throughput=84033.32534097672
accuracy=0.975
balanced_accuracy=0.975
macro_f1=0.9749268786721188
mean_confidence=0.9800869535654784
correct_mean_confidence=0.9880293455643532
wrong_mean_confidence=0.6703336656093597
confidence_gap=0.3176956799549935
probabilities_available=True
error_type=
error_message=
