run_id=run_20260616_210505
runner_name=XYJ
start_time=2026-06-16T21:05:05
dataset_dir=C:\Users\11575\Desktop\Tabular-Foundation-Models-Evaluation\data\selected_talent\sample_scale\B_3000_10000\sylvine_5124rows_20feat_binclass
model=xgboost
device=cpu
model_path=None
memory_sample_interval_seconds=0.05
end_time=2026-06-16T21:05:06
runner_name=XYJ
success=True
fit_time_seconds=0.8862021999666467
predict_time_seconds=0.00119570002425462
wall_time_seconds=0.9176940000033937
peak_memory_mb=293.0859375
training_throughput=92507.10504113555
accuracy=0.944390243902439
balanced_accuracy=0.9444044682017544
macro_f1=0.9443798676540728
mean_confidence=0.95945508078831
correct_mean_confidence=0.9709591694976673
wrong_mean_confidence=0.7640873988469442
confidence_gap=0.20687177065072304
probabilities_available=True
error_type=
error_message=
