run_id=run_20260616_214713
runner_name=陈业伟
start_time=2026-06-16T21:47:13
dataset_dir=D:\aiHW\Tabular-Foundation-Models-Evaluation\data\selected_talent\sample_scale\B_3000_10000\sylvine_5124rows_20feat_binclass
model=tabpfn
device=cpu
model_path=D:\aiHW\Tabular-Foundation-Models-Evaluation\.local_models\tabpfn\tabpfn-v2-classifier-finetuned-zk73skhh.ckpt
memory_sample_interval_seconds=0.05
end_time=2026-06-16T21:53:25
runner_name=陈业伟
success=True
fit_time_seconds=1.0357869999716058
predict_time_seconds=181.40344770008232
wall_time_seconds=371.3916088999249
peak_memory_mb=2223.0078125
training_throughput=79147.54674681892
accuracy=0.9775609756097561
balanced_accuracy=0.9775676169590644
macro_f1=0.9775602067030971
mean_confidence=0.975073625285451
correct_mean_confidence=0.9806927176054843
wrong_mean_confidence=0.7302766468213953
confidence_gap=0.250416070784089
probabilities_available=True
error_type=
error_message=
