run_id=run_20260616_210313
runner_name=时光银
start_time=2026-06-16T21:03:13
dataset_dir=D:\_Projects\Tabular-Foundation-Models-Evaluation\data\selected_talent\feature_scale\F2_20_100\mfeat-zernike_2000rows_47feat_multiclass
model=lightgbm
device=cpu
model_path=None
memory_sample_interval_seconds=0.05
end_time=2026-06-16T21:03:15
runner_name=时光银
success=True
fit_time_seconds=1.9349898000000394
predict_time_seconds=0.009591299999556213
wall_time_seconds=2.1191648000003624
peak_memory_mb=229.85546875
training_throughput=38863.25395616993
accuracy=0.77
balanced_accuracy=0.7699999999999999
macro_f1=0.775125536874906
mean_confidence=0.9431786429773211
correct_mean_confidence=0.9694156698236452
wrong_mean_confidence=0.8553416400570181
confidence_gap=0.11407402976662717
probabilities_available=True
error_type=
error_message=
