run_id=run_20260616_214740
runner_name=时光银
start_time=2026-06-16T21:47:40
dataset_dir=D:\_Projects\Tabular-Foundation-Models-Evaluation\data\selected_talent\sample_scale\A_1000_3000\pc1_1109rows_21feat_binclass
model=tabicl
device=cpu
model_path=D:\_Projects\Tabular-Foundation-Models-Evaluation\.local_models\tabicl\tabicl-classifier-v2-20260212.ckpt
memory_sample_interval_seconds=0.05
end_time=2026-06-16T21:47:50
runner_name=时光银
success=True
fit_time_seconds=0.481363799999599
predict_time_seconds=3.5205023999988043
wall_time_seconds=9.699731099999553
peak_memory_mb=1387.4765625
training_throughput=38696.30412593452
accuracy=0.9459459459459459
balanced_accuracy=0.6618357487922705
macro_f1=0.7130547177940543
mean_confidence=0.9484370885131596
correct_mean_confidence=0.9591180230890002
wrong_mean_confidence=0.7615207334359487
confidence_gap=0.19759728965305146
probabilities_available=True
error_type=
error_message=
