run_id=run_20260616_204918
runner_name=XYJ
start_time=2026-06-16T20:49:18
dataset_dir=C:\Users\11575\Desktop\Tabular-Foundation-Models-Evaluation\data\selected_talent\feature_scale\F3_100_300\mfeat-pixel_2000rows_240feat_multiclass
model=tabicl
device=cpu
model_path=C:\Users\11575\Desktop\Tabular-Foundation-Models-Evaluation\.local_models\tabicl\tabicl-classifier-v2-20260212.ckpt
memory_sample_interval_seconds=0.05
end_time=2026-06-16T20:50:13
runner_name=XYJ
success=True
fit_time_seconds=1.2613733999896795
predict_time_seconds=27.58821140002692
wall_time_seconds=55.69052100001136
peak_memory_mb=19968.984375
training_throughput=304430.0759815784
accuracy=0.975
balanced_accuracy=0.975
macro_f1=0.9749480106103701
mean_confidence=0.9881675154715777
correct_mean_confidence=0.9948017627764971
wrong_mean_confidence=0.7294318705797196
confidence_gap=0.26536989219677753
probabilities_available=True
error_type=
error_message=
