run_id=run_20260616_003150
runner_name=姚怀宇
start_time=2026-06-16T00:31:50
dataset_dir=D:\_Projects\Tabular-Foundation-Models-Evaluation\data\selected_talent\feature_scale\F2_20_100\mfeat-zernike_2000rows_47feat_multiclass
model=xgboost
device=cpu
model_path=None
memory_sample_interval_seconds=0.05
end_time=2026-06-16T00:31:52
runner_name=姚怀宇
success=True
fit_time_seconds=2.346829699992668
predict_time_seconds=0.00658730004215613
wall_time_seconds=2.3966027999995276
peak_memory_mb=203.5859375
training_throughput=32043.2283604707
accuracy=0.7875
balanced_accuracy=0.7875
macro_f1=0.7902087378501466
mean_confidence=0.8825401033461094
correct_mean_confidence=0.9140838407334827
wrong_mean_confidence=0.7656427236164317
confidence_gap=0.148441117117051
probabilities_available=True
error_type=
error_message=
