run_id=run_20260616_204052
runner_name=陈业伟
start_time=2026-06-16T20:40:52
dataset_dir=D:\aiHW\Tabular-Foundation-Models-Evaluation\data\selected_talent\feature_scale\F1_6_20\mfeat-morphological_2000rows_6feat_multiclass
model=tabicl
device=cpu
model_path=D:\aiHW\Tabular-Foundation-Models-Evaluation\.local_models\tabicl\tabicl-classifier-v2-20260212.ckpt
memory_sample_interval_seconds=0.05
end_time=2026-06-16T20:41:11
runner_name=陈业伟
success=True
fit_time_seconds=0.34273699996992946
predict_time_seconds=7.037505800020881
wall_time_seconds=19.07176179997623
peak_memory_mb=1194.8203125
training_throughput=28009.815108500894
accuracy=0.775
balanced_accuracy=0.775
macro_f1=0.7680489426622548
mean_confidence=0.7823578646034002
correct_mean_confidence=0.8347801664183216
wrong_mean_confidence=0.6017921583520042
confidence_gap=0.23298800806631748
probabilities_available=True
error_type=
error_message=
