run_id=run_20260616_205641
runner_name=XYJ
start_time=2026-06-16T20:56:41
dataset_dir=C:\Users\11575\Desktop\Tabular-Foundation-Models-Evaluation\data\selected_talent\sample_scale\A_1000_3000\kc1_2109rows_21feat_binclass
model=xgboost
device=cpu
model_path=None
memory_sample_interval_seconds=0.05
end_time=2026-06-16T20:56:42
runner_name=XYJ
success=True
fit_time_seconds=0.8238813999923877
predict_time_seconds=0.001117299951147288
wall_time_seconds=0.8532553999684751
peak_memory_mb=290.55078125
training_throughput=43000.12113433721
accuracy=0.8791469194312796
balanced_accuracy=0.6957767722473605
macro_f1=0.7270825143610748
mean_confidence=0.9018119988848248
correct_mean_confidence=0.9180871833045527
wrong_mean_confidence=0.783418010262882
confidence_gap=0.1346691730416707
probabilities_available=True
error_type=
error_message=
