run_id=run_20260616_205904
runner_name=时光银
start_time=2026-06-16T20:59:04
dataset_dir=D:\_Projects\Tabular-Foundation-Models-Evaluation\data\selected_talent\sample_scale\C_10000_30000\jm1_10885rows_21feat_binclass
model=lightgbm
device=cpu
model_path=None
memory_sample_interval_seconds=0.05
end_time=2026-06-16T20:59:05
runner_name=时光银
success=True
fit_time_seconds=0.4087061000000176
predict_time_seconds=0.006426799999644572
wall_time_seconds=0.6306812000002537
peak_memory_mb=188.00390625
training_throughput=447431.5406596381
accuracy=0.8130454754248967
balanced_accuracy=0.5915686428343406
macro_f1=0.6071743825128472
mean_confidence=0.8345258062793538
correct_mean_confidence=0.8508585327884401
wrong_mean_confidence=0.7634965042619514
confidence_gap=0.08736202852648878
probabilities_available=True
error_type=
error_message=
