run_id=run_20260616_041402
runner_name=姚怀宇
start_time=2026-06-16T04:14:02
dataset_dir=D:\_Projects\Tabular-Foundation-Models-Evaluation\data\selected_talent\sample_scale\C_10000_30000\default_of_credit_card_clients_30000rows_23feat_binclass
model=xgboost
device=cpu
model_path=None
memory_sample_interval_seconds=0.05
end_time=2026-06-16T04:14:03
runner_name=姚怀宇
success=True
fit_time_seconds=0.34710970002925023
predict_time_seconds=0.006581699999514967
wall_time_seconds=0.5494719000416808
peak_memory_mb=184.95703125
training_throughput=1590275.3508573344
accuracy=0.8223333333333334
balanced_accuracy=0.6614734777266702
macro_f1=0.6871585939627674
mean_confidence=0.8280391526619594
correct_mean_confidence=0.845329383739248
wrong_mean_confidence=0.7480110099458784
confidence_gap=0.0973183737933696
probabilities_available=True
error_type=
error_message=
