run_id=run_20260616_212118
runner_name=时光银
start_time=2026-06-16T21:21:18
dataset_dir=D:\_Projects\Tabular-Foundation-Models-Evaluation\data\selected_talent\feature_scale\F3_100_300\mfeat-factors_2000rows_216feat_multiclass
model=tabicl
device=cpu
model_path=D:\_Projects\Tabular-Foundation-Models-Evaluation\.local_models\tabicl\tabicl-classifier-v2-20260212.ckpt
memory_sample_interval_seconds=0.05
end_time=2026-06-16T21:22:47
runner_name=时光银
success=True
fit_time_seconds=1.3728810999991765
predict_time_seconds=48.957465700000284
wall_time_seconds=89.6108931000008
peak_memory_mb=17782.89453125
training_throughput=251733.38026155892
accuracy=0.9825
balanced_accuracy=0.9824999999999999
macro_f1=0.9824984372558212
mean_confidence=0.9924362599104642
correct_mean_confidence=0.9949570226911977
wrong_mean_confidence=0.8509134352207184
confidence_gap=0.1440435874704793
probabilities_available=True
error_type=
error_message=
