run_id=run_20260616_221528
runner_name=陈业伟
start_time=2026-06-16T22:15:28
dataset_dir=D:\aiHW\Tabular-Foundation-Models-Evaluation\data\selected_talent\sample_scale\C_10000_30000\default_of_credit_card_clients_30000rows_23feat_binclass
model=tabpfn
device=cpu
model_path=D:\aiHW\Tabular-Foundation-Models-Evaluation\.local_models\tabpfn\tabpfn-v2-classifier-finetuned-zk73skhh.ckpt
memory_sample_interval_seconds=0.05
end_time=2026-06-17T00:28:57
runner_name=陈业伟
success=True
fit_time_seconds=1.8788629000773653
predict_time_seconds=4571.576137700002
wall_time_seconds=8008.991790200002
peak_memory_mb=4765.43359375
training_throughput=293794.7201880832
accuracy=0.826
balanced_accuracy=0.669223268045149
macro_f1=0.6957232799476006
mean_confidence=0.840861977716287
correct_mean_confidence=0.8560875835343654
wrong_mean_confidence=0.7685841018212709
confidence_gap=0.08750348171309452
probabilities_available=True
error_type=
error_message=
