run_id=run_20260616_213102
runner_name=陈业伟
start_time=2026-06-16T21:31:02
dataset_dir=D:\aiHW\Tabular-Foundation-Models-Evaluation\data\selected_talent\sample_scale\A_1000_3000\pc1_1109rows_21feat_binclass
model=tabicl
device=cpu
model_path=D:\aiHW\Tabular-Foundation-Models-Evaluation\.local_models\tabicl\tabicl-classifier-v2-20260212.ckpt
memory_sample_interval_seconds=0.05
end_time=2026-06-16T21:31:20
runner_name=陈业伟
success=True
fit_time_seconds=0.5206869000103325
predict_time_seconds=5.462686999933794
wall_time_seconds=17.209669600008056
peak_memory_mb=1364.02734375
training_throughput=35773.897902233315
accuracy=0.9459459459459459
balanced_accuracy=0.6618357487922705
macro_f1=0.7130547177940543
mean_confidence=0.9484370254181527
correct_mean_confidence=0.9591179600783757
wrong_mean_confidence=0.7615206688642502
confidence_gap=0.1975972912141255
probabilities_available=True
error_type=
error_message=
