run_id=run_20260616_204315
runner_name=陈业伟
start_time=2026-06-16T20:43:15
dataset_dir=D:\aiHW\Tabular-Foundation-Models-Evaluation\data\selected_talent\feature_scale\F2_20_100\mfeat-fourier_2000rows_76feat_multiclass
model=tabpfn
device=cpu
model_path=D:\aiHW\Tabular-Foundation-Models-Evaluation\.local_models\tabpfn\tabpfn-v2-classifier-finetuned-zk73skhh.ckpt
memory_sample_interval_seconds=0.05
end_time=2026-06-16T20:47:47
runner_name=陈业伟
success=True
fit_time_seconds=0.8959540999494493
predict_time_seconds=127.26785299996845
wall_time_seconds=271.85126019991003
peak_memory_mb=3049.078125
training_throughput=135721.23840591923
accuracy=0.9175
balanced_accuracy=0.9174999999999999
macro_f1=0.9168920510383926
mean_confidence=0.885170922204852
correct_mean_confidence=0.9113238238671171
wrong_mean_confidence=0.5943189552336028
confidence_gap=0.3170048686335143
probabilities_available=True
error_type=
error_message=
