run_id=run_20260616_010749
runner_name=姚怀宇
start_time=2026-06-16T01:07:49
dataset_dir=D:\_Projects\Tabular-Foundation-Models-Evaluation\data\selected_talent\sample_scale\A_1000_3000\pc1_1109rows_21feat_binclass
model=tabicl
device=cpu
model_path=D:\_Projects\Tabular-Foundation-Models-Evaluation\.local_models\tabicl\tabicl-classifier-v2-20260212.ckpt
memory_sample_interval_seconds=0.05
end_time=2026-06-16T01:08:02
runner_name=姚怀宇
success=True
fit_time_seconds=0.3706360000069253
predict_time_seconds=4.85895540000638
wall_time_seconds=12.393499800004065
peak_memory_mb=1363.66796875
training_throughput=50256.855782093364
accuracy=0.9459459459459459
balanced_accuracy=0.6618357487922705
macro_f1=0.7130547177940543
mean_confidence=0.9484370254181527
correct_mean_confidence=0.9591179600783757
wrong_mean_confidence=0.7615206688642502
confidence_gap=0.1975972912141255
probabilities_available=True
error_type=
error_message=
