run_id=run_20260616_041352
runner_name=姚怀宇
start_time=2026-06-16T04:13:52
dataset_dir=D:\_Projects\Tabular-Foundation-Models-Evaluation\data\selected_talent\sample_scale\C_10000_30000\default_of_credit_card_clients_30000rows_23feat_binclass
model=lightgbm
device=cpu
model_path=None
memory_sample_interval_seconds=0.05
end_time=2026-06-16T04:13:53
runner_name=姚怀宇
success=True
fit_time_seconds=0.24280989996623248
predict_time_seconds=0.03067980002379045
wall_time_seconds=0.7957543000229634
peak_memory_mb=193.640625
training_throughput=2273383.4167254567
accuracy=0.8245
balanced_accuracy=0.6661019523885471
macro_f1=0.6922778844674413
mean_confidence=0.8273665187672101
correct_mean_confidence=0.8440361100163896
wrong_mean_confidence=0.7490526840951384
confidence_gap=0.0949834259212512
probabilities_available=True
error_type=
error_message=
