run_id=run_20260616_210503
runner_name=XYJ
start_time=2026-06-16T21:05:03
dataset_dir=C:\Users\11575\Desktop\Tabular-Foundation-Models-Evaluation\data\selected_talent\sample_scale\B_3000_10000\sylvine_5124rows_20feat_binclass
model=lightgbm
device=cpu
model_path=None
memory_sample_interval_seconds=0.05
end_time=2026-06-16T21:05:03
runner_name=XYJ
success=True
fit_time_seconds=0.1275762000004761
predict_time_seconds=0.0032054000184871256
wall_time_seconds=0.27853059995686635
peak_memory_mb=181.1328125
training_throughput=642596.3463380636
accuracy=0.944390243902439
balanced_accuracy=0.9444120827241715
macro_f1=0.9443646138947055
mean_confidence=0.9745491409860603
correct_mean_confidence=0.9842763662701071
wrong_mean_confidence=0.8093569642324222
confidence_gap=0.17491940203768486
probabilities_available=True
error_type=
error_message=
