run_id=run_20260616_010846
runner_name=姚怀宇
start_time=2026-06-16T01:08:46
dataset_dir=D:\_Projects\Tabular-Foundation-Models-Evaluation\data\selected_talent\sample_scale\A_1000_3000\pc1_1109rows_21feat_binclass
model=lightgbm
device=cpu
model_path=None
memory_sample_interval_seconds=0.05
end_time=2026-06-16T01:08:47
runner_name=姚怀宇
success=True
fit_time_seconds=0.21111919998656958
predict_time_seconds=0.003077999979723245
wall_time_seconds=0.39986309997038916
peak_memory_mb=171.578125
training_throughput=88229.77730677722
accuracy=0.9369369369369369
balanced_accuracy=0.6879227053140097
macro_f1=0.7140228192859772
mean_confidence=0.984333217560516
correct_mean_confidence=0.9927568735920389
wrong_mean_confidence=0.8591817565207481
confidence_gap=0.13357511707129077
probabilities_available=True
error_type=
error_message=
