run_id=run_20260616_222006
runner_name=XYJ
start_time=2026-06-16T22:20:06
dataset_dir=C:\Users\11575\Desktop\Tabular-Foundation-Models-Evaluation\data\selected_talent\sample_scale\C_10000_30000\jm1_10885rows_21feat_binclass
model=xgboost
device=cpu
model_path=None
memory_sample_interval_seconds=0.05
end_time=2026-06-16T22:20:07
runner_name=XYJ
success=True
fit_time_seconds=0.958854699973017
predict_time_seconds=0.0014182999730110168
wall_time_seconds=0.9975829999893904
peak_memory_mb=296.1015625
training_throughput=190715.02700580814
accuracy=0.8116674322462104
balanced_accuracy=0.5771707724855129
macro_f1=0.5886243386243386
mean_confidence=0.8323264866177511
correct_mean_confidence=0.8507840515667258
wrong_mean_confidence=0.75277888353278
confidence_gap=0.09800516803394577
probabilities_available=True
error_type=
error_message=
