run_id=run_20260616_210321
runner_name=时光银
start_time=2026-06-16T21:03:21
dataset_dir=D:\_Projects\Tabular-Foundation-Models-Evaluation\data\selected_talent\feature_scale\F3_100_300\mfeat-factors_2000rows_216feat_multiclass
model=lightgbm
device=cpu
model_path=None
memory_sample_interval_seconds=0.05
end_time=2026-06-16T21:03:23
runner_name=时光银
success=True
fit_time_seconds=2.001931799999511
predict_time_seconds=0.006958900000427093
wall_time_seconds=2.1877971000003527
peak_memory_mb=223.203125
training_throughput=172633.2535404475
accuracy=0.9675
balanced_accuracy=0.9674999999999999
macro_f1=0.9673458371384378
mean_confidence=0.9910067993222623
correct_mean_confidence=0.996671159040672
wrong_mean_confidence=0.8223831677049913
confidence_gap=0.17428799133568074
probabilities_available=True
error_type=
error_message=
