run_id=run_20260616_205808
runner_name=XYJ
start_time=2026-06-16T20:58:08
dataset_dir=C:\Users\11575\Desktop\Tabular-Foundation-Models-Evaluation\data\selected_talent\sample_scale\B_3000_10000\ringnorm_7400rows_20feat_binclass
model=tabpfn
device=cpu
model_path=C:\Users\11575\Desktop\Tabular-Foundation-Models-Evaluation\.local_models\tabpfn\tabpfn-v2-classifier-finetuned-zk73skhh.ckpt
memory_sample_interval_seconds=0.05
end_time=2026-06-16T21:02:11
runner_name=XYJ
success=True
fit_time_seconds=2.8679207999957725
predict_time_seconds=118.08900719997473
wall_time_seconds=242.1828225000063
peak_memory_mb=2915.3671875
training_throughput=41284.2641959201
accuracy=0.9817567567567568
balanced_accuracy=0.9817487320815779
macro_f1=0.9817548826007054
mean_confidence=0.9569486594280681
correct_mean_confidence=0.9610197114189657
wrong_mean_confidence=0.7378657504364297
confidence_gap=0.22315396098253604
probabilities_available=True
error_type=
error_message=
