run_id=run_20260616_210334
runner_name=时光银
start_time=2026-06-16T21:03:34
dataset_dir=D:\_Projects\Tabular-Foundation-Models-Evaluation\data\selected_talent\feature_scale\F3_100_300\mfeat-pixel_2000rows_240feat_multiclass
model=xgboost
device=cpu
model_path=None
memory_sample_interval_seconds=0.05
end_time=2026-06-16T21:03:40
runner_name=时光银
success=True
fit_time_seconds=6.030470100000457
predict_time_seconds=0.011422800000218558
wall_time_seconds=6.197388300000057
peak_memory_mb=304.89453125
training_throughput=63676.62779722113
accuracy=0.9625
balanced_accuracy=0.9625
macro_f1=0.9626833400572723
mean_confidence=0.9586582627147436
correct_mean_confidence=0.9726111206915471
wrong_mean_confidence=0.6005349079767863
confidence_gap=0.37207621271476077
probabilities_available=True
error_type=
error_message=
