run_id=run_20260616_010804
runner_name=姚怀宇
start_time=2026-06-16T01:08:04
dataset_dir=D:\_Projects\Tabular-Foundation-Models-Evaluation\data\selected_talent\sample_scale\A_1000_3000\pc1_1109rows_21feat_binclass
model=tabpfn
device=cpu
model_path=D:\_Projects\Tabular-Foundation-Models-Evaluation\.local_models\tabpfn\tabpfn-v2-classifier-finetuned-zk73skhh.ckpt
memory_sample_interval_seconds=0.05
end_time=2026-06-16T01:08:43
runner_name=姚怀宇
success=True
fit_time_seconds=0.29879929998423904
predict_time_seconds=17.693138999980874
wall_time_seconds=39.189725500007626
peak_memory_mb=939.83984375
training_throughput=62339.503476020625
accuracy=0.9594594594594594
balanced_accuracy=0.7309178743961353
macro_f1=0.7936589899824436
mean_confidence=0.9486083071511071
correct_mean_confidence=0.953404233769072
wrong_mean_confidence=0.8351047105259366
confidence_gap=0.11829952324313542
probabilities_available=True
error_type=
error_message=
