run_id=run_20260616_213124
runner_name=陈业伟
start_time=2026-06-16T21:31:24
dataset_dir=D:\aiHW\Tabular-Foundation-Models-Evaluation\data\selected_talent\sample_scale\A_1000_3000\pc1_1109rows_21feat_binclass
model=tabpfn
device=cpu
model_path=D:\aiHW\Tabular-Foundation-Models-Evaluation\.local_models\tabpfn\tabpfn-v2-classifier-finetuned-zk73skhh.ckpt
memory_sample_interval_seconds=0.05
end_time=2026-06-16T21:32:15
runner_name=陈业伟
success=True
fit_time_seconds=0.8601764999330044
predict_time_seconds=21.31371609994676
wall_time_seconds=51.308949399972335
peak_memory_mb=970.18359375
training_throughput=21654.85804535555
accuracy=0.9594594594594594
balanced_accuracy=0.7309178743961353
macro_f1=0.7936589899824436
mean_confidence=0.9486083071511071
correct_mean_confidence=0.953404233769072
wrong_mean_confidence=0.8351047105259366
confidence_gap=0.11829952324313542
probabilities_available=True
error_type=
error_message=
