run_id=run_20260616_205538
runner_name=XYJ
start_time=2026-06-16T20:55:38
dataset_dir=C:\Users\11575\Desktop\Tabular-Foundation-Models-Evaluation\data\selected_talent\feature_scale\F3_100_300\mfeat-pixel_2000rows_240feat_multiclass
model=xgboost
device=cpu
model_path=None
memory_sample_interval_seconds=0.05
end_time=2026-06-16T20:55:40
runner_name=XYJ
success=True
fit_time_seconds=1.8097598999738693
predict_time_seconds=0.0033005999866873026
wall_time_seconds=1.9421729000168853
peak_memory_mb=302.453125
training_throughput=212182.84260002914
accuracy=0.9625
balanced_accuracy=0.9625
macro_f1=0.9626833400572723
mean_confidence=0.9586582627147436
correct_mean_confidence=0.9726111206915471
wrong_mean_confidence=0.6005349079767863
confidence_gap=0.37207621271476077
probabilities_available=True
error_type=
error_message=
