run_id=run_20260616_215329
runner_name=陈业伟
start_time=2026-06-16T21:53:29
dataset_dir=D:\aiHW\Tabular-Foundation-Models-Evaluation\data\selected_talent\sample_scale\B_3000_10000\sylvine_5124rows_20feat_binclass
model=lightgbm
device=cpu
model_path=None
memory_sample_interval_seconds=0.05
end_time=2026-06-16T21:53:30
runner_name=陈业伟
success=True
fit_time_seconds=0.178103799931705
predict_time_seconds=0.005813199910335243
wall_time_seconds=0.5278891999041662
peak_memory_mb=181.49609375
training_throughput=460293.3796552108
accuracy=0.944390243902439
balanced_accuracy=0.9444120827241715
macro_f1=0.9443646138947055
mean_confidence=0.9745491409860603
correct_mean_confidence=0.9842763662701071
wrong_mean_confidence=0.8093569642324222
confidence_gap=0.17491940203768486
probabilities_available=True
error_type=
error_message=
