run_id=run_20260616_210403
runner_name=时光银
start_time=2026-06-16T21:04:03
dataset_dir=D:\_Projects\Tabular-Foundation-Models-Evaluation\data\selected_talent\sample_scale\C_10000_30000\default_of_credit_card_clients_30000rows_23feat_binclass
model=xgboost
device=cpu
model_path=None
memory_sample_interval_seconds=0.05
end_time=2026-06-16T21:04:04
runner_name=时光银
success=True
fit_time_seconds=0.8352289999993445
predict_time_seconds=0.0030344000006152783
wall_time_seconds=0.9412286999995558
peak_memory_mb=294.1015625
training_throughput=660896.5924320554
accuracy=0.8255
balanced_accuracy=0.6667439382648578
macro_f1=0.6933257938929654
mean_confidence=0.829082035591205
correct_mean_confidence=0.8451105724819352
wrong_mean_confidence=0.7532564928788966
confidence_gap=0.0918540796030386
probabilities_available=True
error_type=
error_message=
