run_id=run_20260616_214831
runner_name=时光银
start_time=2026-06-16T21:48:31
dataset_dir=D:\_Projects\Tabular-Foundation-Models-Evaluation\data\selected_talent\sample_scale\A_1000_3000\pc1_1109rows_21feat_binclass
model=xgboost
device=cpu
model_path=None
memory_sample_interval_seconds=0.05
end_time=2026-06-16T21:48:32
runner_name=时光银
success=True
fit_time_seconds=0.1629120999987208
predict_time_seconds=0.0011778000007325318
wall_time_seconds=0.1941192999984196
peak_memory_mb=270.16015625
training_throughput=114337.73182069509
accuracy=0.9504504504504504
balanced_accuracy=0.7260869565217392
macro_f1=0.766873508353222
mean_confidence=0.9671460774030771
correct_mean_confidence=0.9726830483612856
wrong_mean_confidence=0.8609369072047147
confidence_gap=0.11174614115657089
probabilities_available=True
error_type=
error_message=
