run_id=run_20260616_221022
runner_name=XYJ
start_time=2026-06-16T22:10:22
dataset_dir=C:\Users\11575\Desktop\Tabular-Foundation-Models-Evaluation\data\selected_talent\sample_scale\C_10000_30000\jm1_10885rows_21feat_binclass
model=tabicl
device=cpu
model_path=C:\Users\11575\Desktop\Tabular-Foundation-Models-Evaluation\.local_models\tabicl\tabicl-classifier-v2-20260212.ckpt
memory_sample_interval_seconds=0.05
end_time=2026-06-16T22:11:42
runner_name=XYJ
success=True
fit_time_seconds=0.41824059997452423
predict_time_seconds=39.23105649999343
wall_time_seconds=80.17149229999632
peak_memory_mb=10240.4296875
training_throughput=437231.58395224856
accuracy=0.8259072117593018
balanced_accuracy=0.6004442183974592
macro_f1=0.6202892414602437
mean_confidence=0.8423218155980493
correct_mean_confidence=0.8606757993029805
wrong_mean_confidence=0.7552493546443124
confidence_gap=0.10542644465866813
probabilities_available=True
error_type=
error_message=
