run_id=run_20260616_002219
runner_name=姚怀宇
start_time=2026-06-16T00:22:19
dataset_dir=D:\_Projects\Tabular-Foundation-Models-Evaluation\data\selected_talent\feature_scale\F2_20_100\mfeat-karhunen_2000rows_64feat_multiclass
model=tabicl
device=cpu
model_path=D:\_Projects\Tabular-Foundation-Models-Evaluation\.local_models\tabicl\tabicl-classifier-v2-20260212.ckpt
memory_sample_interval_seconds=0.05
end_time=2026-06-16T00:23:02
runner_name=姚怀宇
success=True
fit_time_seconds=0.6157292000134476
predict_time_seconds=20.229348300024867
wall_time_seconds=43.412638499983586
peak_memory_mb=4695.64453125
training_throughput=166306.87646089154
accuracy=0.975
balanced_accuracy=0.975
macro_f1=0.975015727207024
mean_confidence=0.9866094924509525
correct_mean_confidence=0.9945729035597581
wrong_mean_confidence=0.6760364592075347
confidence_gap=0.3185364443522234
probabilities_available=True
error_type=
error_message=
