run_id=run_20260616_214833
runner_name=时光银
start_time=2026-06-16T21:48:33
dataset_dir=D:\_Projects\Tabular-Foundation-Models-Evaluation\data\selected_talent\sample_scale\B_3000_10000\ringnorm_7400rows_20feat_binclass
model=tabicl
device=cpu
model_path=D:\_Projects\Tabular-Foundation-Models-Evaluation\.local_models\tabicl\tabicl-classifier-v2-20260212.ckpt
memory_sample_interval_seconds=0.05
end_time=2026-06-16T21:49:50
runner_name=时光银
success=True
fit_time_seconds=0.46981699999923876
predict_time_seconds=36.326448199999504
wall_time_seconds=76.16154800000004
peak_memory_mb=6271.578125
training_throughput=252013.01783501203
accuracy=0.9797297297297297
balanced_accuracy=0.9796512105721659
macro_f1=0.979723471999211
mean_confidence=0.9819156585915668
correct_mean_confidence=0.985741426081493
wrong_mean_confidence=0.7970035632451375
confidence_gap=0.1887378628363554
probabilities_available=True
error_type=
error_message=
