run_id=run_20260616_010545
runner_name=姚怀宇
start_time=2026-06-16T01:05:45
dataset_dir=D:\_Projects\Tabular-Foundation-Models-Evaluation\data\selected_talent\feature_scale\F3_100_300\mfeat-pixel_2000rows_240feat_multiclass
model=xgboost
device=cpu
model_path=None
memory_sample_interval_seconds=0.05
end_time=2026-06-16T01:05:47
runner_name=姚怀宇
success=True
fit_time_seconds=1.9583136000437662
predict_time_seconds=0.0064156000153161585
wall_time_seconds=2.121961399971042
peak_memory_mb=192.08984375
training_throughput=196087.0822688552
accuracy=0.96
balanced_accuracy=0.96
macro_f1=0.9601860176860176
mean_confidence=0.9587739767879248
correct_mean_confidence=0.9740595965801427
wrong_mean_confidence=0.5919191017746925
confidence_gap=0.3821404948054502
probabilities_available=True
error_type=
error_message=
