run_id=run_20260616_205716
runner_name=XYJ
start_time=2026-06-16T20:57:16
dataset_dir=C:\Users\11575\Desktop\Tabular-Foundation-Models-Evaluation\data\selected_talent\sample_scale\A_1000_3000\pc1_1109rows_21feat_binclass
model=xgboost
device=cpu
model_path=None
memory_sample_interval_seconds=0.05
end_time=2026-06-16T20:57:17
runner_name=XYJ
success=True
fit_time_seconds=0.8280245999922045
predict_time_seconds=0.0011163000017404556
wall_time_seconds=0.857353100029286
peak_memory_mb=288.5078125
training_throughput=22495.708461047372
accuracy=0.9504504504504504
balanced_accuracy=0.7260869565217392
macro_f1=0.766873508353222
mean_confidence=0.9671460774030771
correct_mean_confidence=0.9726830483612856
wrong_mean_confidence=0.8609369072047147
confidence_gap=0.11174614115657089
probabilities_available=True
error_type=
error_message=
