run_id=run_20260616_213453
runner_name=时光银
start_time=2026-06-16T21:34:53
dataset_dir=D:\_Projects\Tabular-Foundation-Models-Evaluation\data\selected_talent\feature_scale\F3_100_300\mfeat-pixel_2000rows_240feat_multiclass
model=tabpfn
device=cpu
model_path=D:\_Projects\Tabular-Foundation-Models-Evaluation\.local_models\tabpfn\tabpfn-v2-classifier-finetuned-zk73skhh.ckpt
memory_sample_interval_seconds=0.05
end_time=2026-06-16T21:45:48
runner_name=时光银
success=True
fit_time_seconds=3.3337561000007554
predict_time_seconds=314.9301288000006
wall_time_seconds=654.9046019000007
peak_memory_mb=2222.2109375
training_throughput=115185.39103682869
accuracy=0.965
balanced_accuracy=0.9650000000000001
macro_f1=0.9649345702812457
mean_confidence=0.9603754933923483
correct_mean_confidence=0.9746855968329573
wrong_mean_confidence=0.5658254985298429
confidence_gap=0.4088600983031144
probabilities_available=True
error_type=
error_message=
