run_id=run_20260616_001209
runner_name=姚怀宇
start_time=2026-06-16T00:12:09
dataset_dir=D:\_Projects\Tabular-Foundation-Models-Evaluation\data\selected_talent\feature_scale\F1_6_20\mfeat-morphological_2000rows_6feat_multiclass
model=xgboost
device=cpu
model_path=None
memory_sample_interval_seconds=0.05
end_time=2026-06-16T00:12:12
runner_name=姚怀宇
success=True
fit_time_seconds=3.141481600003317
predict_time_seconds=0.01414939999813214
wall_time_seconds=3.317592000006698
peak_memory_mb=191.9296875
training_throughput=3055.8829311589357
accuracy=0.7075
balanced_accuracy=0.7074999999999999
macro_f1=0.7062965688611368
mean_confidence=0.8524953418970108
correct_mean_confidence=0.9059509253754633
wrong_mean_confidence=0.7231967938251984
confidence_gap=0.18275413155026488
probabilities_available=True
error_type=
error_message=
