run_id=run_20260616_203623
runner_name=XYJ
start_time=2026-06-16T20:36:23
dataset_dir=C:\Users\11575\Desktop\Tabular-Foundation-Models-Evaluation\data\selected_talent\feature_scale\F1_6_20\mfeat-morphological_2000rows_6feat_multiclass
model=lightgbm
device=cpu
model_path=None
memory_sample_interval_seconds=0.05
end_time=2026-06-16T20:36:25
runner_name=XYJ
success=True
fit_time_seconds=0.9829350000363775
predict_time_seconds=0.009091500018257648
wall_time_seconds=1.2515625999658369
peak_memory_mb=205.3359375
training_throughput=9766.668192347117
accuracy=0.71
balanced_accuracy=0.71
macro_f1=0.7107758647139355
mean_confidence=0.937862858921887
correct_mean_confidence=0.9532633861037175
wrong_mean_confidence=0.9001581199594746
confidence_gap=0.053105266144242935
probabilities_available=True
error_type=
error_message=
