run_id=run_20260616_011949
runner_name=姚怀宇
start_time=2026-06-16T01:19:49
dataset_dir=D:\_Projects\Tabular-Foundation-Models-Evaluation\data\selected_talent\sample_scale\B_3000_10000\sylvine_5124rows_20feat_binclass
model=tabicl
device=cpu
model_path=D:\_Projects\Tabular-Foundation-Models-Evaluation\.local_models\tabicl\tabicl-classifier-v2-20260212.ckpt
memory_sample_interval_seconds=0.05
end_time=2026-06-16T01:20:50
runner_name=姚怀宇
success=True
fit_time_seconds=0.3993198000243865
predict_time_seconds=29.13440300000366
wall_time_seconds=60.59979599999497
peak_memory_mb=4351.515625
training_throughput=205299.11112595338
accuracy=0.9795121951219512
balanced_accuracy=0.9795150310672515
macro_f1=0.9795121171193037
mean_confidence=0.9791481412329325
correct_mean_confidence=0.9840050597946007
wrong_mean_confidence=0.7469411776179359
confidence_gap=0.23706388217666485
probabilities_available=True
error_type=
error_message=
