run_id=run_20260616_220224
runner_name=时光银
start_time=2026-06-16T22:02:24
dataset_dir=D:\_Projects\Tabular-Foundation-Models-Evaluation\data\selected_talent\sample_scale\C_10000_30000\default_of_credit_card_clients_30000rows_23feat_binclass
model=tabicl
device=cpu
model_path=D:\_Projects\Tabular-Foundation-Models-Evaluation\.local_models\tabicl\tabicl-classifier-v2-20260212.ckpt
memory_sample_interval_seconds=0.05
end_time=2026-06-16T22:18:19
runner_name=时光银
success=True
fit_time_seconds=0.8957155999996758
predict_time_seconds=429.243175900001
wall_time_seconds=955.5973472999995
peak_memory_mb=18831.2890625
training_throughput=616267.0383324794
accuracy=0.827
balanced_accuracy=0.6685162933951249
macro_f1=0.6956106349773291
mean_confidence=0.8379436189134916
correct_mean_confidence=0.8551297903373231
wrong_mean_confidence=0.7557877589856958
confidence_gap=0.09934203135162722
probabilities_available=True
error_type=
error_message=
