run_id=run_20260616_204301
runner_name=XYJ
start_time=2026-06-16T20:43:01
dataset_dir=C:\Users\11575\Desktop\Tabular-Foundation-Models-Evaluation\data\selected_talent\feature_scale\F2_20_100\mfeat-zernike_2000rows_47feat_multiclass
model=xgboost
device=cpu
model_path=None
memory_sample_interval_seconds=0.05
end_time=2026-06-16T20:43:03
runner_name=XYJ
success=True
fit_time_seconds=1.9436856000102125
predict_time_seconds=0.003831600013654679
wall_time_seconds=1.979509099968709
peak_memory_mb=324.05859375
training_throughput=38689.38474391377
accuracy=0.79
balanced_accuracy=0.79
macro_f1=0.792728694431895
mean_confidence=0.8816103530675172
correct_mean_confidence=0.9091789466859419
wrong_mean_confidence=0.7778999294553485
confidence_gap=0.13127901723059343
probabilities_available=True
error_type=
error_message=
