run_id=run_20260616_204114
runner_name=XYJ
start_time=2026-06-16T20:41:14
dataset_dir=C:\Users\11575\Desktop\Tabular-Foundation-Models-Evaluation\data\selected_talent\feature_scale\F2_20_100\mfeat-karhunen_2000rows_64feat_multiclass
model=lightgbm
device=cpu
model_path=None
memory_sample_interval_seconds=0.05
end_time=2026-06-16T20:41:15
runner_name=XYJ
success=True
fit_time_seconds=0.9464877000427805
predict_time_seconds=0.00487589999102056
wall_time_seconds=1.0994080000091344
peak_memory_mb=207.1875
training_throughput=108189.46722220648
accuracy=0.9475
balanced_accuracy=0.9475
macro_f1=0.9470004831574599
mean_confidence=0.9822483100145427
correct_mean_confidence=0.9895534965448438
wrong_mean_confidence=0.8504070864438692
confidence_gap=0.13914641010097462
probabilities_available=True
error_type=
error_message=
