run_id=run_20260616_203929
runner_name=XYJ
start_time=2026-06-16T20:39:29
dataset_dir=C:\Users\11575\Desktop\Tabular-Foundation-Models-Evaluation\data\selected_talent\feature_scale\F2_20_100\mfeat-karhunen_2000rows_64feat_multiclass
model=tabpfn
device=cpu
model_path=C:\Users\11575\Desktop\Tabular-Foundation-Models-Evaluation\.local_models\tabpfn\tabpfn-v2-classifier-finetuned-zk73skhh.ckpt
memory_sample_interval_seconds=0.05
end_time=2026-06-16T20:41:11
runner_name=XYJ
success=True
fit_time_seconds=2.787514099967666
predict_time_seconds=48.038969800050836
wall_time_seconds=102.54326730000321
peak_memory_mb=2555.48828125
training_throughput=36735.24019167752
accuracy=0.97
balanced_accuracy=0.97
macro_f1=0.9699049429698239
mean_confidence=0.9696707097440957
correct_mean_confidence=0.9808300722812869
wrong_mean_confidence=0.608851321041584
confidence_gap=0.3719787512397029
probabilities_available=True
error_type=
error_message=
