run_id=run_20260616_001350
runner_name=姚怀宇
start_time=2026-06-16T00:13:50
dataset_dir=D:\_Projects\Tabular-Foundation-Models-Evaluation\data\selected_talent\feature_scale\F2_20_100\mfeat-fourier_2000rows_76feat_multiclass
model=tabpfn
device=cpu
model_path=D:\_Projects\Tabular-Foundation-Models-Evaluation\.local_models\tabpfn\tabpfn-v2-classifier-finetuned-zk73skhh.ckpt
memory_sample_interval_seconds=0.05
end_time=2026-06-16T00:22:05
runner_name=姚怀宇
success=True
fit_time_seconds=1.6425764999585226
predict_time_seconds=294.2315655000275
wall_time_seconds=494.49462249997305
peak_memory_mb=3011.953125
training_throughput=74030.03756785183
accuracy=0.9175
balanced_accuracy=0.9174999999999999
macro_f1=0.9168920510383926
mean_confidence=0.885170922204852
correct_mean_confidence=0.9113238238671171
wrong_mean_confidence=0.5943189552336028
confidence_gap=0.3170048686335143
probabilities_available=True
error_type=
error_message=
