run_id=run_20260616_212252
runner_name=时光银
start_time=2026-06-16T21:22:52
dataset_dir=D:\_Projects\Tabular-Foundation-Models-Evaluation\data\selected_talent\feature_scale\F3_100_300\mfeat-factors_2000rows_216feat_multiclass
model=tabpfn
device=cpu
model_path=D:\_Projects\Tabular-Foundation-Models-Evaluation\.local_models\tabpfn\tabpfn-v2-classifier-finetuned-zk73skhh.ckpt
memory_sample_interval_seconds=0.05
end_time=2026-06-16T21:32:21
runner_name=时光银
success=True
fit_time_seconds=3.5025641000001997
predict_time_seconds=280.70708509999986
wall_time_seconds=569.1663058999993
peak_memory_mb=2110.0234375
training_throughput=98670.5710824765
accuracy=0.975
balanced_accuracy=0.975
macro_f1=0.9749268786721188
mean_confidence=0.9800869531929493
correct_mean_confidence=0.9880293541229688
wrong_mean_confidence=0.6703333169221878
confidence_gap=0.317696037200781
probabilities_available=True
error_type=
error_message=
