run_id=run_20260616_204122
runner_name=陈业伟
start_time=2026-06-16T20:41:22
dataset_dir=D:\aiHW\Tabular-Foundation-Models-Evaluation\data\selected_talent\feature_scale\F1_6_20\mfeat-morphological_2000rows_6feat_multiclass
model=tabpfn
device=cpu
model_path=D:\aiHW\Tabular-Foundation-Models-Evaluation\.local_models\tabpfn\tabpfn-v2-classifier-finetuned-zk73skhh.ckpt
memory_sample_interval_seconds=0.05
end_time=2026-06-16T20:41:57
runner_name=陈业伟
success=True
fit_time_seconds=0.8039358999812976
predict_time_seconds=13.054543900070712
wall_time_seconds=34.79033900005743
peak_memory_mb=689.00390625
training_throughput=11941.250540277317
accuracy=0.775
balanced_accuracy=0.775
macro_f1=0.7687797147562592
mean_confidence=0.7782667366415262
correct_mean_confidence=0.8292442071822381
wrong_mean_confidence=0.6026776714457406
confidence_gap=0.22656653573649754
probabilities_available=True
error_type=
error_message=
