run_id=run_20260616_205846
runner_name=时光银
start_time=2026-06-16T20:58:46
dataset_dir=D:\_Projects\Tabular-Foundation-Models-Evaluation\data\selected_talent\sample_scale\A_1000_3000\pc1_1109rows_21feat_binclass
model=xgboost
device=cpu
model_path=None
memory_sample_interval_seconds=0.05
end_time=2026-06-16T20:58:47
runner_name=时光银
success=True
fit_time_seconds=0.6129186999996818
predict_time_seconds=0.0012228999994476908
wall_time_seconds=0.6403170000003229
peak_memory_mb=273.5078125
training_throughput=30390.653768615102
accuracy=0.9504504504504504
balanced_accuracy=0.7260869565217392
macro_f1=0.766873508353222
mean_confidence=0.9671460774030771
correct_mean_confidence=0.9726830483612856
wrong_mean_confidence=0.8609369072047147
confidence_gap=0.11174614115657089
probabilities_available=True
error_type=
error_message=
