run_id=run_20260616_205541
runner_name=XYJ
start_time=2026-06-16T20:55:41
dataset_dir=C:\Users\11575\Desktop\Tabular-Foundation-Models-Evaluation\data\selected_talent\sample_scale\A_1000_3000\kc1_2109rows_21feat_binclass
model=tabicl
device=cpu
model_path=C:\Users\11575\Desktop\Tabular-Foundation-Models-Evaluation\.local_models\tabicl\tabicl-classifier-v2-20260212.ckpt
memory_sample_interval_seconds=0.05
end_time=2026-06-16T20:55:52
runner_name=XYJ
success=True
fit_time_seconds=0.2946563000441529
predict_time_seconds=4.26477700000396
wall_time_seconds=10.404264300013892
peak_memory_mb=2402.19140625
training_throughput=120231.60541516142
accuracy=0.8767772511848341
balanced_accuracy=0.6692092221503987
macro_f1=0.7050537634408602
mean_confidence=0.8830918077891472
correct_mean_confidence=0.9059856335859041
wrong_mean_confidence=0.7201934319276077
confidence_gap=0.18579220165829646
probabilities_available=True
error_type=
error_message=
