run_id=run_20260616_205714
runner_name=XYJ
start_time=2026-06-16T20:57:14
dataset_dir=C:\Users\11575\Desktop\Tabular-Foundation-Models-Evaluation\data\selected_talent\sample_scale\A_1000_3000\pc1_1109rows_21feat_binclass
model=lightgbm
device=cpu
model_path=None
memory_sample_interval_seconds=0.05
end_time=2026-06-16T20:57:14
runner_name=XYJ
success=True
fit_time_seconds=0.12448100000619888
predict_time_seconds=0.002106500032823533
wall_time_seconds=0.2641662000096403
peak_memory_mb=178.04296875
training_throughput=149637.29403742272
accuracy=0.9369369369369369
balanced_accuracy=0.6879227053140097
macro_f1=0.7140228192859772
mean_confidence=0.984333217560516
correct_mean_confidence=0.9927568735920389
wrong_mean_confidence=0.8591817565207481
confidence_gap=0.13357511707129077
probabilities_available=True
error_type=
error_message=
