run_id=run_20260616_221019
runner_name=XYJ
start_time=2026-06-16T22:10:19
dataset_dir=C:\Users\11575\Desktop\Tabular-Foundation-Models-Evaluation\data\selected_talent\sample_scale\C_10000_30000\default_of_credit_card_clients_30000rows_23feat_binclass
model=xgboost
device=cpu
model_path=None
memory_sample_interval_seconds=0.05
end_time=2026-06-16T22:10:20
runner_name=XYJ
success=True
fit_time_seconds=1.1061656000092626
predict_time_seconds=0.003894899971783161
wall_time_seconds=1.2187416999950074
peak_memory_mb=308.96875
training_throughput=499021.1230537071
accuracy=0.8255
balanced_accuracy=0.6667439382648578
macro_f1=0.6933257938929654
mean_confidence=0.829082035591205
correct_mean_confidence=0.8451105724819352
wrong_mean_confidence=0.7532564928788966
confidence_gap=0.0918540796030386
probabilities_available=True
error_type=
error_message=
