run_id=run_20260616_001035
runner_name=姚怀宇
start_time=2026-06-16T00:10:35
dataset_dir=D:\_Projects\Tabular-Foundation-Models-Evaluation\data\selected_talent\feature_scale\F1_6_20\mfeat-morphological_2000rows_6feat_multiclass
model=tabpfn
device=cpu
model_path=D:\_Projects\Tabular-Foundation-Models-Evaluation\.local_models\tabpfn\tabpfn-v2-classifier-finetuned-zk73skhh.ckpt
memory_sample_interval_seconds=0.05
end_time=2026-06-16T00:11:47
runner_name=姚怀宇
success=True
fit_time_seconds=0.9492673000204377
predict_time_seconds=31.473795099998824
wall_time_seconds=71.56403410003986
peak_memory_mb=649.23828125
training_throughput=10113.06299057527
accuracy=0.775
balanced_accuracy=0.775
macro_f1=0.7687797147562592
mean_confidence=0.7782667366415262
correct_mean_confidence=0.8292442071822381
wrong_mean_confidence=0.6026776714457406
confidence_gap=0.22656653573649754
probabilities_available=True
error_type=
error_message=
