run_id=run_20260616_211026
runner_name=陈业伟
start_time=2026-06-16T21:10:26
dataset_dir=D:\aiHW\Tabular-Foundation-Models-Evaluation\data\selected_talent\feature_scale\F3_100_300\mfeat-factors_2000rows_216feat_multiclass
model=xgboost
device=cpu
model_path=None
memory_sample_interval_seconds=0.05
end_time=2026-06-16T21:10:29
runner_name=陈业伟
success=True
fit_time_seconds=2.9535329999634996
predict_time_seconds=0.0056668000761419535
wall_time_seconds=3.0663855000166222
peak_memory_mb=332.984375
training_throughput=117012.40514471008
accuracy=0.9675
balanced_accuracy=0.9674999999999999
macro_f1=0.9675739107525871
mean_confidence=0.9697432715445757
correct_mean_confidence=0.9790527179105646
wrong_mean_confidence=0.6926082143416772
confidence_gap=0.2864445035688874
probabilities_available=True
error_type=
error_message=
