run_id=run_20260616_214552
runner_name=陈业伟
start_time=2026-06-16T21:45:52
dataset_dir=D:\aiHW\Tabular-Foundation-Models-Evaluation\data\selected_talent\sample_scale\B_3000_10000\ringnorm_7400rows_20feat_binclass
model=xgboost
device=cpu
model_path=None
memory_sample_interval_seconds=0.05
end_time=2026-06-16T21:45:52
runner_name=陈业伟
success=True
fit_time_seconds=0.3819200999569148
predict_time_seconds=0.0026671000523492694
wall_time_seconds=0.45128769997972995
peak_memory_mb=289.42578125
training_throughput=310012.4869399567
accuracy=0.9682432432432433
balanced_accuracy=0.9680805988848528
macro_f1=0.9682211762276489
mean_confidence=0.9506907786066467
correct_mean_confidence=0.9582141743867612
wrong_mean_confidence=0.7213072434384772
confidence_gap=0.23690693094828397
probabilities_available=True
error_type=
error_message=
