run_id=run_20260616_011944
runner_name=姚怀宇
start_time=2026-06-16T01:19:44
dataset_dir=D:\_Projects\Tabular-Foundation-Models-Evaluation\data\selected_talent\sample_scale\B_3000_10000\ringnorm_7400rows_20feat_binclass
model=lightgbm
device=cpu
model_path=None
memory_sample_interval_seconds=0.05
end_time=2026-06-16T01:19:44
runner_name=姚怀宇
success=True
fit_time_seconds=0.1999837000039406
predict_time_seconds=0.007098700036294758
wall_time_seconds=0.42892370000481606
peak_memory_mb=176.484375
training_throughput=592048.2519208664
accuracy=0.9743243243243244
balanced_accuracy=0.9742581056376484
macro_f1=0.9743175707271452
mean_confidence=0.9773356686842241
correct_mean_confidence=0.9825830948191318
wrong_mean_confidence=0.7782096558806278
confidence_gap=0.2043734389385039
probabilities_available=True
error_type=
error_message=
