run_id=run_20260616_211103
runner_name=时光银
start_time=2026-06-16T21:11:03
dataset_dir=D:\_Projects\Tabular-Foundation-Models-Evaluation\data\selected_talent\feature_scale\F2_20_100\mfeat-fourier_2000rows_76feat_multiclass
model=tabicl
device=cpu
model_path=D:\_Projects\Tabular-Foundation-Models-Evaluation\.local_models\tabicl\tabicl-classifier-v2-20260212.ckpt
memory_sample_interval_seconds=0.05
end_time=2026-06-16T21:11:35
runner_name=时光银
success=True
fit_time_seconds=0.7175770000003467
predict_time_seconds=14.568765499999245
wall_time_seconds=31.216614500000105
peak_memory_mb=5559.8671875
training_throughput=169459.16605457148
accuracy=0.9225
balanced_accuracy=0.9225000000000001
macro_f1=0.9222297786874091
mean_confidence=0.9158495172858239
correct_mean_confidence=0.9384592015568803
wrong_mean_confidence=0.6467213399948613
confidence_gap=0.2917378615620191
probabilities_available=True
error_type=
error_message=
