run_id=run_20260616_012052
runner_name=姚怀宇
start_time=2026-06-16T01:20:52
dataset_dir=D:\_Projects\Tabular-Foundation-Models-Evaluation\data\selected_talent\sample_scale\B_3000_10000\sylvine_5124rows_20feat_binclass
model=tabpfn
device=cpu
model_path=D:\_Projects\Tabular-Foundation-Models-Evaluation\.local_models\tabpfn\tabpfn-v2-classifier-finetuned-zk73skhh.ckpt
memory_sample_interval_seconds=0.05
end_time=2026-06-16T01:26:09
runner_name=姚怀宇
success=True
fit_time_seconds=0.42473429994424805
predict_time_seconds=148.55557159997988
wall_time_seconds=317.0511296999757
peak_memory_mb=2194.0859375
training_throughput=193014.78597504593
accuracy=0.9775609756097561
balanced_accuracy=0.9775676169590644
macro_f1=0.9775602067030971
mean_confidence=0.975073625285451
correct_mean_confidence=0.9806927176054843
wrong_mean_confidence=0.7302766468213953
confidence_gap=0.250416070784089
probabilities_available=True
error_type=
error_message=
