run_id=run_20260616_205643
runner_name=XYJ
start_time=2026-06-16T20:56:43
dataset_dir=C:\Users\11575\Desktop\Tabular-Foundation-Models-Evaluation\data\selected_talent\sample_scale\A_1000_3000\pc1_1109rows_21feat_binclass
model=tabicl
device=cpu
model_path=C:\Users\11575\Desktop\Tabular-Foundation-Models-Evaluation\.local_models\tabicl\tabicl-classifier-v2-20260212.ckpt
memory_sample_interval_seconds=0.05
end_time=2026-06-16T20:56:49
runner_name=XYJ
success=True
fit_time_seconds=0.2898574999999255
predict_time_seconds=2.0252319000428542
wall_time_seconds=5.97647200000938
peak_memory_mb=1400.04296875
training_throughput=64262.61180064269
accuracy=0.9459459459459459
balanced_accuracy=0.6618357487922705
macro_f1=0.7130547177940543
mean_confidence=0.9484370664970295
correct_mean_confidence=0.959118016844704
wrong_mean_confidence=0.7615204354127248
confidence_gap=0.19759758143197914
probabilities_available=True
error_type=
error_message=
