run_id=run_20260616_204223
runner_name=陈业伟
start_time=2026-06-16T20:42:23
dataset_dir=D:\aiHW\Tabular-Foundation-Models-Evaluation\data\selected_talent\feature_scale\F2_20_100\mfeat-fourier_2000rows_76feat_multiclass
model=tabicl
device=cpu
model_path=D:\aiHW\Tabular-Foundation-Models-Evaluation\.local_models\tabicl\tabicl-classifier-v2-20260212.ckpt
memory_sample_interval_seconds=0.05
end_time=2026-06-16T20:43:11
runner_name=陈业伟
success=True
fit_time_seconds=0.6561883999966085
predict_time_seconds=22.425968899973668
wall_time_seconds=47.36217320000287
peak_memory_mb=5528.3359375
training_throughput=185312.63277532565
accuracy=0.9225
balanced_accuracy=0.9225000000000001
macro_f1=0.9222297786874091
mean_confidence=0.9158495824038982
correct_mean_confidence=0.9384592335398604
wrong_mean_confidence=0.6467217995274451
confidence_gap=0.29173743401241525
probabilities_available=True
error_type=
error_message=
