run_id=run_20260616_213058
runner_name=陈业伟
start_time=2026-06-16T21:30:58
dataset_dir=D:\aiHW\Tabular-Foundation-Models-Evaluation\data\selected_talent\sample_scale\A_1000_3000\kc1_2109rows_21feat_binclass
model=xgboost
device=cpu
model_path=None
memory_sample_interval_seconds=0.05
end_time=2026-06-16T21:30:59
runner_name=陈业伟
success=True
fit_time_seconds=0.24757419992238283
predict_time_seconds=0.001525699975900352
wall_time_seconds=0.30869620002340525
peak_memory_mb=280.8671875
training_throughput=143096.49394446894
accuracy=0.8744075829383886
balanced_accuracy=0.6929756517991812
macro_f1=0.7208263121762466
mean_confidence=0.8986408275450576
correct_mean_confidence=0.9176101161212455
wrong_mean_confidence=0.7665716297221634
confidence_gap=0.15103848639908213
probabilities_available=True
error_type=
error_message=
