run_id=run_20260616_210408
runner_name=时光银
start_time=2026-06-16T21:04:08
dataset_dir=D:\_Projects\Tabular-Foundation-Models-Evaluation\data\selected_talent\sample_scale\C_10000_30000\jm1_10885rows_21feat_binclass
model=xgboost
device=cpu
model_path=None
memory_sample_interval_seconds=0.05
end_time=2026-06-16T21:04:08
runner_name=时光银
success=True
fit_time_seconds=0.33029439999972965
predict_time_seconds=0.0020943999998053187
wall_time_seconds=0.37491360000058194
peak_memory_mb=280.90234375
training_throughput=553651.5302716295
accuracy=0.8116674322462104
balanced_accuracy=0.5771707724855129
macro_f1=0.5886243386243386
mean_confidence=0.8323264866177511
correct_mean_confidence=0.8507840515667258
wrong_mean_confidence=0.75277888353278
confidence_gap=0.09800516803394577
probabilities_available=True
error_type=
error_message=
