run_id=run_20260616_003155
runner_name=姚怀宇
start_time=2026-06-16T00:31:55
dataset_dir=D:\_Projects\Tabular-Foundation-Models-Evaluation\data\selected_talent\feature_scale\F3_100_300\mfeat-factors_2000rows_216feat_multiclass
model=tabicl
device=cpu
model_path=D:\_Projects\Tabular-Foundation-Models-Evaluation\.local_models\tabicl\tabicl-classifier-v2-20260212.ckpt
memory_sample_interval_seconds=0.05
end_time=2026-06-16T00:34:49
runner_name=姚怀宇
success=True
fit_time_seconds=1.372624800016638
predict_time_seconds=88.02185389999067
wall_time_seconds=174.01875639997888
peak_memory_mb=16978.86328125
training_throughput=251780.38455651604
accuracy=0.9825
balanced_accuracy=0.9824999999999999
macro_f1=0.9824984372558212
mean_confidence=0.9924362573027611
correct_mean_confidence=0.9949570157145726
wrong_mean_confidence=0.8509136778967721
confidence_gap=0.14404333781780054
probabilities_available=True
error_type=
error_message=
