run_id=run_20260616_203634
runner_name=XYJ
start_time=2026-06-16T20:36:34
dataset_dir=C:\Users\11575\Desktop\Tabular-Foundation-Models-Evaluation\data\selected_talent\feature_scale\F2_20_100\mfeat-fourier_2000rows_76feat_multiclass
model=tabicl
device=cpu
model_path=C:\Users\11575\Desktop\Tabular-Foundation-Models-Evaluation\.local_models\tabicl\tabicl-classifier-v2-20260212.ckpt
memory_sample_interval_seconds=0.05
end_time=2026-06-16T20:36:55
runner_name=XYJ
success=True
fit_time_seconds=0.48833010002272204
predict_time_seconds=10.0400942999986
wall_time_seconds=21.058112800004892
peak_memory_mb=5563.60546875
training_throughput=249011.88764391534
accuracy=0.9225
balanced_accuracy=0.9225000000000001
macro_f1=0.9222297786874091
mean_confidence=0.9158495354652405
correct_mean_confidence=0.9384592110871622
wrong_mean_confidence=0.6467214611268812
confidence_gap=0.291737749960281
probabilities_available=True
error_type=
error_message=
