run_id=run_20260616_213229
runner_name=时光银
start_time=2026-06-16T21:32:29
dataset_dir=D:\_Projects\Tabular-Foundation-Models-Evaluation\data\selected_talent\feature_scale\F3_100_300\mfeat-factors_2000rows_216feat_multiclass
model=xgboost
device=cpu
model_path=None
memory_sample_interval_seconds=0.05
end_time=2026-06-16T21:32:34
runner_name=时光银
success=True
fit_time_seconds=4.373507000000245
predict_time_seconds=0.006272900000112713
wall_time_seconds=4.475585999999566
peak_memory_mb=321.625
training_throughput=79021.25228105971
accuracy=0.965
balanced_accuracy=0.9649999999999999
macro_f1=0.9650608091488998
mean_confidence=0.970164996907115
correct_mean_confidence=0.9809221982801516
wrong_mean_confidence=0.6735735876219613
confidence_gap=0.3073486106581903
probabilities_available=True
error_type=
error_message=
