run_id=run_20260616_211056
runner_name=时光银
start_time=2026-06-16T21:10:56
dataset_dir=D:\_Projects\Tabular-Foundation-Models-Evaluation\data\selected_talent\feature_scale\F1_6_20\mfeat-morphological_2000rows_6feat_multiclass
model=lightgbm
device=cpu
model_path=None
memory_sample_interval_seconds=0.05
end_time=2026-06-16T21:10:58
runner_name=时光银
success=True
fit_time_seconds=1.5932119999997667
predict_time_seconds=0.010389699999905133
wall_time_seconds=1.7754727000001367
peak_memory_mb=213.54296875
training_throughput=6025.563452950019
accuracy=0.71
balanced_accuracy=0.71
macro_f1=0.7107758647139355
mean_confidence=0.937862858921887
correct_mean_confidence=0.9532633861037175
wrong_mean_confidence=0.9001581199594746
confidence_gap=0.053105266144242935
probabilities_available=True
error_type=
error_message=
