run_id=run_20260616_205854
runner_name=时光银
start_time=2026-06-16T20:58:54
dataset_dir=D:\_Projects\Tabular-Foundation-Models-Evaluation\data\selected_talent\sample_scale\B_3000_10000\sylvine_5124rows_20feat_binclass
model=lightgbm
device=cpu
model_path=None
memory_sample_interval_seconds=0.05
end_time=2026-06-16T20:58:54
runner_name=时光银
success=True
fit_time_seconds=0.30506359999981214
predict_time_seconds=0.004933800000799238
wall_time_seconds=0.4954849000005197
peak_memory_mb=182.671875
training_throughput=268730.84825607017
accuracy=0.944390243902439
balanced_accuracy=0.9444120827241715
macro_f1=0.9443646138947055
mean_confidence=0.9745491409860603
correct_mean_confidence=0.9842763662701071
wrong_mean_confidence=0.8093569642324222
confidence_gap=0.17491940203768486
probabilities_available=True
error_type=
error_message=
