run_id=run_20260616_214952
runner_name=时光银
start_time=2026-06-16T21:49:52
dataset_dir=D:\_Projects\Tabular-Foundation-Models-Evaluation\data\selected_talent\sample_scale\B_3000_10000\ringnorm_7400rows_20feat_binclass
model=tabpfn
device=cpu
model_path=D:\_Projects\Tabular-Foundation-Models-Evaluation\.local_models\tabpfn\tabpfn-v2-classifier-finetuned-zk73skhh.ckpt
memory_sample_interval_seconds=0.05
end_time=2026-06-16T21:57:15
runner_name=时光银
success=True
fit_time_seconds=2.191816699998526
predict_time_seconds=219.37644209999962
wall_time_seconds=442.6093383000007
peak_memory_mb=2901.05078125
training_throughput=54019.115740873596
accuracy=0.9817567567567568
balanced_accuracy=0.9817487320815779
macro_f1=0.9817548826007054
mean_confidence=0.9569486986543682
correct_mean_confidence=0.9610197478873271
wrong_mean_confidence=0.7378659380806817
confidence_gap=0.22315380980664545
probabilities_available=True
error_type=
error_message=
