run_id=run_20260616_204207
runner_name=陈业伟
start_time=2026-06-16T20:42:07
dataset_dir=D:\aiHW\Tabular-Foundation-Models-Evaluation\data\selected_talent\feature_scale\F1_6_20\mfeat-morphological_2000rows_6feat_multiclass
model=lightgbm
device=cpu
model_path=None
memory_sample_interval_seconds=0.05
end_time=2026-06-16T20:42:08
runner_name=陈业伟
success=True
fit_time_seconds=0.8283823999809101
predict_time_seconds=0.009755600010976195
wall_time_seconds=1.2830299000488594
peak_memory_mb=201.671875
training_throughput=11588.85075325264
accuracy=0.71
balanced_accuracy=0.71
macro_f1=0.7107758647139355
mean_confidence=0.937862858921887
correct_mean_confidence=0.9532633861037175
wrong_mean_confidence=0.9001581199594746
confidence_gap=0.053105266144242935
probabilities_available=True
error_type=
error_message=
