run_id=run_20260617_003207
runner_name=陈业伟
start_time=2026-06-17T00:32:07
dataset_dir=D:\aiHW\Tabular-Foundation-Models-Evaluation\data\selected_talent\sample_scale\C_10000_30000\jm1_10885rows_21feat_binclass
model=tabpfn
device=cpu
model_path=D:\aiHW\Tabular-Foundation-Models-Evaluation\.local_models\tabpfn\tabpfn-v2-classifier-finetuned-zk73skhh.ckpt
memory_sample_interval_seconds=0.05
end_time=2026-06-17T00:48:32
runner_name=陈业伟
success=True
fit_time_seconds=1.080147200031206
predict_time_seconds=478.3070949000539
wall_time_seconds=985.3235581999179
peak_memory_mb=1581.9296875
training_throughput=169299.14737057767
accuracy=0.8158015617822691
balanced_accuracy=0.564383937798603
macro_f1=0.5699648228853706
mean_confidence=0.8335673657370424
correct_mean_confidence=0.8495493477529233
wrong_mean_confidence=0.7627843231928914
confidence_gap=0.08676502456003199
probabilities_available=True
error_type=
error_message=
