run_id=run_20260616_011034
runner_name=姚怀宇
start_time=2026-06-16T01:10:34
dataset_dir=D:\_Projects\Tabular-Foundation-Models-Evaluation\data\selected_talent\sample_scale\B_3000_10000\ringnorm_7400rows_20feat_binclass
model=tabpfn
device=cpu
model_path=D:\_Projects\Tabular-Foundation-Models-Evaluation\.local_models\tabpfn\tabpfn-v2-classifier-finetuned-zk73skhh.ckpt
memory_sample_interval_seconds=0.05
end_time=2026-06-16T01:19:41
runner_name=姚怀宇
success=True
fit_time_seconds=0.5000922000035644
predict_time_seconds=272.3345541000017
wall_time_seconds=546.321857700008
peak_memory_mb=2880.7109375
training_throughput=236756.3421288237
accuracy=0.981081081081081
balanced_accuracy=0.9810793880387398
macro_f1=0.9810793880387398
mean_confidence=0.9569309338927269
correct_mean_confidence=0.9613163786486161
wrong_mean_confidence=0.7295142986944744
confidence_gap=0.2318020799541417
probabilities_available=True
error_type=
error_message=
