run_id=run_20260616_204913
runner_name=XYJ
start_time=2026-06-16T20:49:13
dataset_dir=C:\Users\11575\Desktop\Tabular-Foundation-Models-Evaluation\data\selected_talent\feature_scale\F3_100_300\mfeat-factors_2000rows_216feat_multiclass
model=xgboost
device=cpu
model_path=None
memory_sample_interval_seconds=0.05
end_time=2026-06-16T20:49:16
runner_name=XYJ
success=True
fit_time_seconds=2.4178662999765947
predict_time_seconds=0.0030112999957054853
wall_time_seconds=2.467292200017255
peak_memory_mb=319.7421875
training_throughput=142935.94315092833
accuracy=0.965
balanced_accuracy=0.9649999999999999
macro_f1=0.9650608091488998
mean_confidence=0.970164996907115
correct_mean_confidence=0.9809221982801516
wrong_mean_confidence=0.6735735876219613
confidence_gap=0.3073486106581903
probabilities_available=True
error_type=
error_message=
