run_id=run_20260616_215811
runner_name=时光银
start_time=2026-06-16T21:58:11
dataset_dir=D:\_Projects\Tabular-Foundation-Models-Evaluation\data\selected_talent\sample_scale\B_3000_10000\sylvine_5124rows_20feat_binclass
model=tabpfn
device=cpu
model_path=D:\_Projects\Tabular-Foundation-Models-Evaluation\.local_models\tabpfn\tabpfn-v2-classifier-finetuned-zk73skhh.ckpt
memory_sample_interval_seconds=0.05
end_time=2026-06-16T22:02:16
runner_name=时光银
success=True
fit_time_seconds=2.134872799999357
predict_time_seconds=119.63868729999922
wall_time_seconds=245.1000664000003
peak_memory_mb=2221.83984375
training_throughput=38400.41430104159
accuracy=0.9775609756097561
balanced_accuracy=0.9775676169590644
macro_f1=0.9775602067030971
mean_confidence=0.9751991601688106
correct_mean_confidence=0.9807741540277789
wrong_mean_confidence=0.7323233407476674
confidence_gap=0.24845081328011154
probabilities_available=True
error_type=
error_message=
