run_id=run_20260617_120110
runner_name=时光银
start_time=2026-06-17T12:01:10
dataset_dir=D:\_Projects\Tabular-Foundation-Models-Evaluation\data\selected_talent\sample_scale\C_10000_30000\jm1_10885rows_21feat_binclass
model=lightgbm
device=cpu
model_path=None
memory_sample_interval_seconds=0.05
end_time=2026-06-17T12:01:10
runner_name=时光银
success=True
fit_time_seconds=0.36839920000056736
predict_time_seconds=0.0052500000019790605
wall_time_seconds=0.5476364999994985
peak_memory_mb=184.3671875
training_throughput=496385.4427472111
accuracy=0.8130454754248967
balanced_accuracy=0.5915686428343406
macro_f1=0.6071743825128472
mean_confidence=0.8345258062793538
correct_mean_confidence=0.8508585327884401
wrong_mean_confidence=0.7634965042619514
confidence_gap=0.08736202852648878
probabilities_available=True
error_type=
error_message=
