run_id=run_20260616_212109
runner_name=时光银
start_time=2026-06-16T21:21:09
dataset_dir=D:\_Projects\Tabular-Foundation-Models-Evaluation\data\selected_talent\feature_scale\F2_20_100\mfeat-zernike_2000rows_47feat_multiclass
model=lightgbm
device=cpu
model_path=None
memory_sample_interval_seconds=0.05
end_time=2026-06-16T21:21:11
runner_name=时光银
success=True
fit_time_seconds=1.7591118000000279
predict_time_seconds=0.012751700000080746
wall_time_seconds=1.9363455000002432
peak_memory_mb=209.7578125
training_throughput=42748.846321193916
accuracy=0.77
balanced_accuracy=0.7699999999999999
macro_f1=0.775125536874906
mean_confidence=0.9431786429773211
correct_mean_confidence=0.9694156698236452
wrong_mean_confidence=0.8553416400570181
confidence_gap=0.11407402976662717
probabilities_available=True
error_type=
error_message=
