run_id=run_20260616_012615
runner_name=姚怀宇
start_time=2026-06-16T01:26:15
dataset_dir=D:\_Projects\Tabular-Foundation-Models-Evaluation\data\selected_talent\sample_scale\B_3000_10000\sylvine_5124rows_20feat_binclass
model=xgboost
device=cpu
model_path=None
memory_sample_interval_seconds=0.05
end_time=2026-06-16T01:26:16
runner_name=姚怀宇
success=True
fit_time_seconds=0.4639690999756567
predict_time_seconds=0.0025013999547809362
wall_time_seconds=0.5180229999823496
peak_memory_mb=169.65234375
training_throughput=176692.80131866818
accuracy=0.9434146341463414
balanced_accuracy=0.943431712962963
macro_f1=0.9433990646802547
mean_confidence=0.9601168487711651
correct_mean_confidence=0.9711352852409111
wrong_mean_confidence=0.7764129165945381
confidence_gap=0.19472236864637293
probabilities_available=True
error_type=
error_message=
