run_id=run_20260616_213228
runner_name=陈业伟
start_time=2026-06-16T21:32:28
dataset_dir=D:\aiHW\Tabular-Foundation-Models-Evaluation\data\selected_talent\sample_scale\B_3000_10000\ringnorm_7400rows_20feat_binclass
model=tabicl
device=cpu
model_path=D:\aiHW\Tabular-Foundation-Models-Evaluation\.local_models\tabicl\tabicl-classifier-v2-20260212.ckpt
memory_sample_interval_seconds=0.05
end_time=2026-06-16T21:34:26
runner_name=陈业伟
success=True
fit_time_seconds=0.5264682000270113
predict_time_seconds=58.26140319998376
wall_time_seconds=118.35034490004182
peak_memory_mb=6242.109375
training_throughput=224894.87493057566
accuracy=0.9797297297297297
balanced_accuracy=0.9796512105721659
macro_f1=0.979723471999211
mean_confidence=0.9819156682169116
correct_mean_confidence=0.9857414301099449
wrong_mean_confidence=0.797003843386968
confidence_gap=0.1887375867229769
probabilities_available=True
error_type=
error_message=
