run_id=run_20260617_114216
runner_name=时光银
start_time=2026-06-17T11:42:16
dataset_dir=D:\_Projects\Tabular-Foundation-Models-Evaluation\data\selected_talent\sample_scale\C_10000_30000\jm1_10885rows_21feat_binclass
model=tabicl
device=cpu
model_path=D:\_Projects\Tabular-Foundation-Models-Evaluation\.local_models\tabicl\tabicl-classifier-v2-20260212.ckpt
memory_sample_interval_seconds=0.05
end_time=2026-06-17T11:44:35
runner_name=时光银
success=True
fit_time_seconds=0.6680086999986088
predict_time_seconds=64.90121560000262
wall_time_seconds=139.06557269999757
peak_memory_mb=10224.3046875
training_throughput=273750.9256995917
accuracy=0.8259072117593018
balanced_accuracy=0.6004442183974592
macro_f1=0.6202892414602437
mean_confidence=0.8423218184728715
correct_mean_confidence=0.8606758149168781
wrong_mean_confidence=0.7552492970841541
confidence_gap=0.10542651783272394
probabilities_available=True
error_type=
error_message=
