run_id=run_20260616_211027
runner_name=时光银
start_time=2026-06-16T21:10:27
dataset_dir=D:\_Projects\Tabular-Foundation-Models-Evaluation\data\selected_talent\feature_scale\F1_6_20\mfeat-morphological_2000rows_6feat_multiclass
model=tabpfn
device=cpu
model_path=D:\_Projects\Tabular-Foundation-Models-Evaluation\.local_models\tabpfn\tabpfn-v2-classifier-finetuned-zk73skhh.ckpt
memory_sample_interval_seconds=0.05
end_time=2026-06-16T21:10:53
runner_name=时光银
success=True
fit_time_seconds=2.225578900000073
predict_time_seconds=8.968126800000391
wall_time_seconds=26.196652099999483
peak_memory_mb=683.8671875
training_throughput=4313.484460155371
accuracy=0.775
balanced_accuracy=0.775
macro_f1=0.7687797147562592
mean_confidence=0.7782744824886322
correct_mean_confidence=0.8292509080902223
wrong_mean_confidence=0.6026890165275998
confidence_gap=0.22656189156262252
probabilities_available=True
error_type=
error_message=
