run_id=run_20260616_010541
runner_name=姚怀宇
start_time=2026-06-16T01:05:41
dataset_dir=D:\_Projects\Tabular-Foundation-Models-Evaluation\data\selected_talent\feature_scale\F3_100_300\mfeat-pixel_2000rows_240feat_multiclass
model=lightgbm
device=cpu
model_path=None
memory_sample_interval_seconds=0.05
end_time=2026-06-16T01:05:42
runner_name=姚怀宇
success=True
fit_time_seconds=1.250074899988249
predict_time_seconds=0.011284900014288723
wall_time_seconds=1.6019642000319436
peak_memory_mb=204.7890625
training_throughput=307181.59368179436
accuracy=0.9625
balanced_accuracy=0.9625
macro_f1=0.9626858067264056
mean_confidence=0.9859393009465113
correct_mean_confidence=0.9947027435789728
wrong_mean_confidence=0.7610109400466687
confidence_gap=0.23369180353230412
probabilities_available=True
error_type=
error_message=
