run_id=run_20260617_002904
runner_name=陈业伟
start_time=2026-06-17T00:29:04
dataset_dir=D:\aiHW\Tabular-Foundation-Models-Evaluation\data\selected_talent\sample_scale\C_10000_30000\default_of_credit_card_clients_30000rows_23feat_binclass
model=lightgbm
device=cpu
model_path=None
memory_sample_interval_seconds=0.05
end_time=2026-06-17T00:29:05
runner_name=陈业伟
success=True
fit_time_seconds=0.28379509993828833
predict_time_seconds=0.011991700041107833
wall_time_seconds=0.7202821000246331
peak_memory_mb=199.9609375
training_throughput=1945065.2957716086
accuracy=0.8245
balanced_accuracy=0.6661019523885471
macro_f1=0.6922778844674413
mean_confidence=0.8273665187672101
correct_mean_confidence=0.8440361100163896
wrong_mean_confidence=0.7490526840951384
confidence_gap=0.0949834259212512
probabilities_available=True
error_type=
error_message=
