run_id=run_20260616_204910
runner_name=XYJ
start_time=2026-06-16T20:49:10
dataset_dir=C:\Users\11575\Desktop\Tabular-Foundation-Models-Evaluation\data\selected_talent\feature_scale\F3_100_300\mfeat-factors_2000rows_216feat_multiclass
model=lightgbm
device=cpu
model_path=None
memory_sample_interval_seconds=0.05
end_time=2026-06-16T20:49:12
runner_name=XYJ
success=True
fit_time_seconds=1.438386099995114
predict_time_seconds=0.007458400039467961
wall_time_seconds=1.6297466999967583
peak_memory_mb=219.72265625
training_throughput=240269.28513920843
accuracy=0.9675
balanced_accuracy=0.9674999999999999
macro_f1=0.9673458371384378
mean_confidence=0.9910067993222623
correct_mean_confidence=0.996671159040672
wrong_mean_confidence=0.8223831677049913
confidence_gap=0.17428799133568074
probabilities_available=True
error_type=
error_message=
