run_id=run_20260616_010614
runner_name=姚怀宇
start_time=2026-06-16T01:06:14
dataset_dir=D:\_Projects\Tabular-Foundation-Models-Evaluation\data\selected_talent\sample_scale\A_1000_3000\kc1_2109rows_21feat_binclass
model=tabpfn
device=cpu
model_path=D:\_Projects\Tabular-Foundation-Models-Evaluation\.local_models\tabpfn\tabpfn-v2-classifier-finetuned-zk73skhh.ckpt
memory_sample_interval_seconds=0.05
end_time=2026-06-16T01:07:42
runner_name=姚怀宇
success=True
fit_time_seconds=0.3407918000011705
predict_time_seconds=41.884360900032334
wall_time_seconds=87.8284077999997
peak_memory_mb=1261.125
training_throughput=103954.9660522299
accuracy=0.8767772511848341
balanced_accuracy=0.6440422322775263
macro_f1=0.6828168362627197
mean_confidence=0.8822763199207342
correct_mean_confidence=0.9011886438807926
wrong_mean_confidence=0.7477078609741651
confidence_gap=0.15348078290662748
probabilities_available=True
error_type=
error_message=
