run_id=run_20260616_222004
runner_name=XYJ
start_time=2026-06-16T22:20:04
dataset_dir=C:\Users\11575\Desktop\Tabular-Foundation-Models-Evaluation\data\selected_talent\sample_scale\C_10000_30000\jm1_10885rows_21feat_binclass
model=lightgbm
device=cpu
model_path=None
memory_sample_interval_seconds=0.05
end_time=2026-06-16T22:20:04
runner_name=XYJ
success=True
fit_time_seconds=0.30742369999643415
predict_time_seconds=0.0035649000201374292
wall_time_seconds=0.4594348999671638
peak_memory_mb=184.26953125
training_throughput=594840.2807009385
accuracy=0.8130454754248967
balanced_accuracy=0.5915686428343406
macro_f1=0.6071743825128472
mean_confidence=0.8345258062793538
correct_mean_confidence=0.8508585327884401
wrong_mean_confidence=0.7634965042619514
confidence_gap=0.08736202852648878
probabilities_available=True
error_type=
error_message=
