run_id=run_20260616_211310
runner_name=XYJ
start_time=2026-06-16T21:13:10
dataset_dir=C:\Users\11575\Desktop\Tabular-Foundation-Models-Evaluation\data\selected_talent\sample_scale\C_10000_30000\default_of_credit_card_clients_30000rows_23feat_binclass
model=tabpfn
device=cpu
model_path=C:\Users\11575\Desktop\Tabular-Foundation-Models-Evaluation\.local_models\tabpfn\tabpfn-v2-classifier-finetuned-zk73skhh.ckpt
memory_sample_interval_seconds=0.05
end_time=2026-06-16T22:10:12
runner_name=XYJ
success=True
fit_time_seconds=3.9384161999914795
predict_time_seconds=1715.6123076000367
wall_time_seconds=3422.141025500023
peak_memory_mb=4874.57421875
training_throughput=140157.86345820795
accuracy=0.8258333333333333
balanced_accuracy=0.6691162703990972
macro_f1=0.695547934812297
mean_confidence=0.841319312274456
correct_mean_confidence=0.8566452594866786
wrong_mean_confidence=0.7686493903255919
confidence_gap=0.0879958691610867
probabilities_available=True
error_type=
error_message=
