run_id=run_20260616_214620
runner_name=时光银
start_time=2026-06-16T21:46:20
dataset_dir=D:\_Projects\Tabular-Foundation-Models-Evaluation\data\selected_talent\sample_scale\A_1000_3000\kc1_2109rows_21feat_binclass
model=tabpfn
device=cpu
model_path=D:\_Projects\Tabular-Foundation-Models-Evaluation\.local_models\tabpfn\tabpfn-v2-classifier-finetuned-zk73skhh.ckpt
memory_sample_interval_seconds=0.05
end_time=2026-06-16T21:47:33
runner_name=时光银
success=True
fit_time_seconds=2.0555042000005415
predict_time_seconds=33.48329150000063
wall_time_seconds=72.52333239999916
peak_memory_mb=1290.3515625
training_throughput=17235.187356946615
accuracy=0.8767772511848341
balanced_accuracy=0.6440422322775263
macro_f1=0.6828168362627197
mean_confidence=0.8827221072963064
correct_mean_confidence=0.9015425011918351
wrong_mean_confidence=0.7488077661165824
confidence_gap=0.1527347350752527
probabilities_available=True
error_type=
error_message=
