run_id=run_20260616_000953
runner_name=姚怀宇
start_time=2026-06-16T00:09:53
dataset_dir=D:\_Projects\Tabular-Foundation-Models-Evaluation\data\selected_talent\feature_scale\F1_6_20\mfeat-morphological_2000rows_6feat_multiclass
model=tabicl
device=cpu
model_path=D:\_Projects\Tabular-Foundation-Models-Evaluation\.local_models\tabicl\tabicl-classifier-v2-20260212.ckpt
memory_sample_interval_seconds=0.05
end_time=2026-06-16T00:10:29
runner_name=姚怀宇
success=True
fit_time_seconds=1.2383379000239074
predict_time_seconds=14.0762781999656
wall_time_seconds=35.403120999981184
peak_memory_mb=1189.0234375
training_throughput=7752.326727474514
accuracy=0.775
balanced_accuracy=0.775
macro_f1=0.7680489426622548
mean_confidence=0.7823578575998544
correct_mean_confidence=0.8347801635342259
wrong_mean_confidence=0.6017921371592416
confidence_gap=0.23298802637498428
probabilities_available=True
error_type=
error_message=
