run_id=run_20260616_002213
runner_name=姚怀宇
start_time=2026-06-16T00:22:13
dataset_dir=D:\_Projects\Tabular-Foundation-Models-Evaluation\data\selected_talent\feature_scale\F2_20_100\mfeat-fourier_2000rows_76feat_multiclass
model=xgboost
device=cpu
model_path=None
memory_sample_interval_seconds=0.05
end_time=2026-06-16T00:22:16
runner_name=姚怀宇
success=True
fit_time_seconds=3.1457733000279404
predict_time_seconds=0.006635099998675287
wall_time_seconds=3.200980100024026
peak_memory_mb=208.32421875
training_throughput=38655.04230674218
accuracy=0.8725
balanced_accuracy=0.8724999999999999
macro_f1=0.8717696041432792
mean_confidence=0.9043641747534275
correct_mean_confidence=0.9345063423700524
wrong_mean_confidence=0.6980971845926023
confidence_gap=0.23640915777745009
probabilities_available=True
error_type=
error_message=
