run_id=run_20260616_210507
runner_name=XYJ
start_time=2026-06-16T21:05:07
dataset_dir=C:\Users\11575\Desktop\Tabular-Foundation-Models-Evaluation\data\selected_talent\sample_scale\C_10000_30000\default_of_credit_card_clients_30000rows_23feat_binclass
model=tabicl
device=cpu
model_path=C:\Users\11575\Desktop\Tabular-Foundation-Models-Evaluation\.local_models\tabicl\tabicl-classifier-v2-20260212.ckpt
memory_sample_interval_seconds=0.05
end_time=2026-06-16T21:13:05
runner_name=XYJ
success=True
fit_time_seconds=0.6892317999736406
predict_time_seconds=230.03757130005397
wall_time_seconds=477.3906171999988
peak_memory_mb=26729.28125
training_throughput=800891.6594114071
accuracy=0.827
balanced_accuracy=0.6685162933951249
macro_f1=0.6956106349773291
mean_confidence=0.8379436075190703
correct_mean_confidence=0.8551297796464457
wrong_mean_confidence=0.755787744228091
confidence_gap=0.09934203541835462
probabilities_available=True
error_type=
error_message=
