run_id=run_20260616_002737
runner_name=姚怀宇
start_time=2026-06-16T00:27:37
dataset_dir=D:\_Projects\Tabular-Foundation-Models-Evaluation\data\selected_talent\feature_scale\F2_20_100\mfeat-karhunen_2000rows_64feat_multiclass
model=lightgbm
device=cpu
model_path=None
memory_sample_interval_seconds=0.05
end_time=2026-06-16T00:27:39
runner_name=姚怀宇
success=True
fit_time_seconds=1.4617672999738716
predict_time_seconds=0.008798800001386553
wall_time_seconds=1.7069435000303201
peak_memory_mb=199.69921875
training_throughput=70052.18956658174
accuracy=0.9475
balanced_accuracy=0.9475
macro_f1=0.9470004831574599
mean_confidence=0.9822483100145427
correct_mean_confidence=0.9895534965448438
wrong_mean_confidence=0.8504070864438692
confidence_gap=0.13914641010097462
probabilities_available=True
error_type=
error_message=
