run_id=run_20260616_204120
runner_name=XYJ
start_time=2026-06-16T20:41:20
dataset_dir=C:\Users\11575\Desktop\Tabular-Foundation-Models-Evaluation\data\selected_talent\feature_scale\F2_20_100\mfeat-zernike_2000rows_47feat_multiclass
model=tabicl
device=cpu
model_path=C:\Users\11575\Desktop\Tabular-Foundation-Models-Evaluation\.local_models\tabicl\tabicl-classifier-v2-20260212.ckpt
memory_sample_interval_seconds=0.05
end_time=2026-06-16T20:41:36
runner_name=XYJ
success=True
fit_time_seconds=0.39134989999001846
predict_time_seconds=6.689448799996171
wall_time_seconds=15.761558500002138
peak_memory_mb=3650.1796875
training_throughput=192155.40875803982
accuracy=0.8925
balanced_accuracy=0.8925000000000001
macro_f1=0.8913521741273422
mean_confidence=0.8809297984838486
correct_mean_confidence=0.9220417848154276
wrong_mean_confidence=0.5396047026612038
confidence_gap=0.3824370821542239
probabilities_available=True
error_type=
error_message=
