run_id=run_20260616_205842
runner_name=时光银
start_time=2026-06-16T20:58:42
dataset_dir=D:\_Projects\Tabular-Foundation-Models-Evaluation\data\selected_talent\sample_scale\A_1000_3000\kc1_2109rows_21feat_binclass
model=xgboost
device=cpu
model_path=None
memory_sample_interval_seconds=0.05
end_time=2026-06-16T20:58:42
runner_name=时光银
success=True
fit_time_seconds=0.6712157000001753
predict_time_seconds=0.0013575000002674642
wall_time_seconds=0.7025149999999485
peak_memory_mb=274.3515625
training_throughput=52780.35063838756
accuracy=0.8791469194312796
balanced_accuracy=0.6957767722473605
macro_f1=0.7270825143610748
mean_confidence=0.9018119988848248
correct_mean_confidence=0.9180871833045527
wrong_mean_confidence=0.783418010262882
confidence_gap=0.1346691730416707
probabilities_available=True
error_type=
error_message=
