run_id=run_20260616_210300
runner_name=时光银
start_time=2026-06-16T21:03:00
dataset_dir=D:\_Projects\Tabular-Foundation-Models-Evaluation\data\selected_talent\feature_scale\F2_20_100\mfeat-fourier_2000rows_76feat_multiclass
model=xgboost
device=cpu
model_path=None
memory_sample_interval_seconds=0.05
end_time=2026-06-16T21:03:03
runner_name=时光银
success=True
fit_time_seconds=2.8964121999997587
predict_time_seconds=0.004533199999968929
wall_time_seconds=2.9367857999995977
peak_memory_mb=318.40234375
training_throughput=41982.97466086151
accuracy=0.87
balanced_accuracy=0.8699999999999999
macro_f1=0.8696430444284842
mean_confidence=0.9051380060613156
correct_mean_confidence=0.9364126357196392
wrong_mean_confidence=0.6958385614248422
confidence_gap=0.24057407429479694
probabilities_available=True
error_type=
error_message=
