run_id=run_20260616_214556
runner_name=陈业伟
start_time=2026-06-16T21:45:56
dataset_dir=D:\aiHW\Tabular-Foundation-Models-Evaluation\data\selected_talent\sample_scale\B_3000_10000\sylvine_5124rows_20feat_binclass
model=tabicl
device=cpu
model_path=D:\aiHW\Tabular-Foundation-Models-Evaluation\.local_models\tabicl\tabicl-classifier-v2-20260212.ckpt
memory_sample_interval_seconds=0.05
end_time=2026-06-16T21:47:09
runner_name=陈业伟
success=True
fit_time_seconds=0.5514715999597684
predict_time_seconds=33.137881799950264
wall_time_seconds=73.13335400004871
peak_memory_mb=4356.69140625
training_throughput=148656.79394184708
accuracy=0.9795121951219512
balanced_accuracy=0.9795150310672515
macro_f1=0.9795121171193037
mean_confidence=0.9791481412329325
correct_mean_confidence=0.9840050597946007
wrong_mean_confidence=0.7469411776179359
confidence_gap=0.23706388217666485
probabilities_available=True
error_type=
error_message=
