run_id=run_20260616_211534
runner_name=时光银
start_time=2026-06-16T21:15:34
dataset_dir=D:\_Projects\Tabular-Foundation-Models-Evaluation\data\selected_talent\feature_scale\F2_20_100\mfeat-karhunen_2000rows_64feat_multiclass
model=tabpfn
device=cpu
model_path=D:\_Projects\Tabular-Foundation-Models-Evaluation\.local_models\tabpfn\tabpfn-v2-classifier-finetuned-zk73skhh.ckpt
memory_sample_interval_seconds=0.05
end_time=2026-06-16T21:18:22
runner_name=时光银
success=True
fit_time_seconds=2.1814787999992404
predict_time_seconds=81.1923496999998
wall_time_seconds=167.2495446999992
peak_memory_mb=2557.2109375
training_throughput=46940.63494911601
accuracy=0.97
balanced_accuracy=0.97
macro_f1=0.9699049429698239
mean_confidence=0.9696706576645374
correct_mean_confidence=0.9808300218938553
wrong_mean_confidence=0.6088512142499288
confidence_gap=0.37197880764392643
probabilities_available=True
error_type=
error_message=
