run_id=run_20260616_210218
runner_name=XYJ
start_time=2026-06-16T21:02:18
dataset_dir=C:\Users\11575\Desktop\Tabular-Foundation-Models-Evaluation\data\selected_talent\sample_scale\B_3000_10000\sylvine_5124rows_20feat_binclass
model=tabicl
device=cpu
model_path=C:\Users\11575\Desktop\Tabular-Foundation-Models-Evaluation\.local_models\tabicl\tabicl-classifier-v2-20260212.ckpt
memory_sample_interval_seconds=0.05
end_time=2026-06-16T21:02:45
runner_name=XYJ
success=True
fit_time_seconds=0.3081360999494791
predict_time_seconds=12.9743077000021
wall_time_seconds=27.12047879997408
peak_memory_mb=4394.6953125
training_throughput=266051.26764907176
accuracy=0.9795121951219512
balanced_accuracy=0.9795150310672515
macro_f1=0.9795121171193037
mean_confidence=0.9791481497811108
correct_mean_confidence=0.9840050777234879
wrong_mean_confidence=0.7469407376788911
confidence_gap=0.23706434004459676
probabilities_available=True
error_type=
error_message=
