run_id=run_20260616_010851
runner_name=姚怀宇
start_time=2026-06-16T01:08:51
dataset_dir=D:\_Projects\Tabular-Foundation-Models-Evaluation\data\selected_talent\sample_scale\B_3000_10000\ringnorm_7400rows_20feat_binclass
model=tabicl
device=cpu
model_path=D:\_Projects\Tabular-Foundation-Models-Evaluation\.local_models\tabicl\tabicl-classifier-v2-20260212.ckpt
memory_sample_interval_seconds=0.05
end_time=2026-06-16T01:10:32
runner_name=姚怀宇
success=True
fit_time_seconds=0.4267987000057474
predict_time_seconds=50.645068599958904
wall_time_seconds=100.87547520000953
peak_memory_mb=6229.95703125
training_throughput=277414.15331959917
accuracy=0.9797297297297297
balanced_accuracy=0.9796512105721659
macro_f1=0.979723471999211
mean_confidence=0.9819156682169116
correct_mean_confidence=0.9857414301099449
wrong_mean_confidence=0.797003843386968
confidence_gap=0.1887375867229769
probabilities_available=True
error_type=
error_message=
