run_id=run_20260616_210325
runner_name=时光银
start_time=2026-06-16T21:03:25
dataset_dir=D:\_Projects\Tabular-Foundation-Models-Evaluation\data\selected_talent\feature_scale\F3_100_300\mfeat-factors_2000rows_216feat_multiclass
model=xgboost
device=cpu
model_path=None
memory_sample_interval_seconds=0.05
end_time=2026-06-16T21:03:28
runner_name=时光银
success=True
fit_time_seconds=3.102999499999896
predict_time_seconds=0.004906799999844225
wall_time_seconds=3.1591741000002003
peak_memory_mb=304.5859375
training_throughput=111376.10560363015
accuracy=0.965
balanced_accuracy=0.9649999999999999
macro_f1=0.9650608091488998
mean_confidence=0.970164996907115
correct_mean_confidence=0.9809221982801516
wrong_mean_confidence=0.6735735876219613
confidence_gap=0.3073486106581903
probabilities_available=True
error_type=
error_message=
