run_id=run_20260617_114455
runner_name=时光银
start_time=2026-06-17T11:44:55
dataset_dir=D:\_Projects\Tabular-Foundation-Models-Evaluation\data\selected_talent\sample_scale\C_10000_30000\jm1_10885rows_21feat_binclass
model=tabpfn
device=cpu
model_path=D:\_Projects\Tabular-Foundation-Models-Evaluation\.local_models\tabpfn\tabpfn-v2-classifier-finetuned-zk73skhh.ckpt
memory_sample_interval_seconds=0.05
end_time=2026-06-17T12:01:08
runner_name=时光银
success=True
fit_time_seconds=0.9684703999955673
predict_time_seconds=481.4937957000002
wall_time_seconds=972.4817566999991
peak_memory_mb=1573.59765625
training_throughput=188821.46527228606
accuracy=0.8158015617822691
balanced_accuracy=0.564383937798603
macro_f1=0.5699648228853706
mean_confidence=0.8333989027502562
correct_mean_confidence=0.8494015856234877
wrong_mean_confidence=0.762524177605969
confidence_gap=0.08687740801751864
probabilities_available=True
error_type=
error_message=
