run_id=run_20260616_003455
runner_name=姚怀宇
start_time=2026-06-16T00:34:55
dataset_dir=D:\_Projects\Tabular-Foundation-Models-Evaluation\data\selected_talent\feature_scale\F3_100_300\mfeat-factors_2000rows_216feat_multiclass
model=tabpfn
device=cpu
model_path=D:\_Projects\Tabular-Foundation-Models-Evaluation\.local_models\tabpfn\tabpfn-v2-classifier-finetuned-zk73skhh.ckpt
memory_sample_interval_seconds=0.05
end_time=2026-06-16T00:49:03
runner_name=姚怀宇
success=True
fit_time_seconds=1.8457214999943972
predict_time_seconds=435.88634039997123
wall_time_seconds=848.2502217000001
peak_memory_mb=2078.16015625
training_throughput=187243.85016972988
accuracy=0.975
balanced_accuracy=0.975
macro_f1=0.9749268786721188
mean_confidence=0.9800752971321345
correct_mean_confidence=0.9880232260013238
wrong_mean_confidence=0.6701060712337494
confidence_gap=0.3179171547675743
probabilities_available=True
error_type=
error_message=
