run_id=run_20260616_203904
runner_name=XYJ
start_time=2026-06-16T20:39:04
dataset_dir=C:\Users\11575\Desktop\Tabular-Foundation-Models-Evaluation\data\selected_talent\feature_scale\F2_20_100\mfeat-fourier_2000rows_76feat_multiclass
model=xgboost
device=cpu
model_path=None
memory_sample_interval_seconds=0.05
end_time=2026-06-16T20:39:06
runner_name=XYJ
success=True
fit_time_seconds=2.295455099956598
predict_time_seconds=0.0038989000022411346
wall_time_seconds=2.3329346000100486
peak_memory_mb=329.6484375
training_throughput=52974.244629005894
accuracy=0.87
balanced_accuracy=0.8699999999999999
macro_f1=0.8696430444284842
mean_confidence=0.9051380060613156
correct_mean_confidence=0.9364126357196392
wrong_mean_confidence=0.6958385614248422
confidence_gap=0.24057407429479694
probabilities_available=True
error_type=
error_message=
