run_id=run_20260616_001218
runner_name=姚怀宇
start_time=2026-06-16T00:12:18
dataset_dir=D:\_Projects\Tabular-Foundation-Models-Evaluation\data\selected_talent\feature_scale\F2_20_100\mfeat-fourier_2000rows_76feat_multiclass
model=tabicl
device=cpu
model_path=D:\_Projects\Tabular-Foundation-Models-Evaluation\.local_models\tabicl\tabicl-classifier-v2-20260212.ckpt
memory_sample_interval_seconds=0.05
end_time=2026-06-16T00:13:44
runner_name=姚怀宇
success=True
fit_time_seconds=2.097678199992515
predict_time_seconds=39.328319300024305
wall_time_seconds=86.16709569998784
peak_memory_mb=5530.76171875
training_throughput=57968.85337342681
accuracy=0.9225
balanced_accuracy=0.9225000000000001
macro_f1=0.9222297786874091
mean_confidence=0.9158495824038982
correct_mean_confidence=0.9384592335398604
wrong_mean_confidence=0.6467217995274451
confidence_gap=0.29173743401241525
probabilities_available=True
error_type=
error_message=
