run_id=run_20260616_214738
runner_name=时光银
start_time=2026-06-16T21:47:38
dataset_dir=D:\_Projects\Tabular-Foundation-Models-Evaluation\data\selected_talent\sample_scale\A_1000_3000\kc1_2109rows_21feat_binclass
model=xgboost
device=cpu
model_path=None
memory_sample_interval_seconds=0.05
end_time=2026-06-16T21:47:38
runner_name=时光银
success=True
fit_time_seconds=0.6673236000006
predict_time_seconds=0.0013204000006226124
wall_time_seconds=0.6989135999992868
peak_memory_mb=271.2421875
training_throughput=53088.18690058039
accuracy=0.8791469194312796
balanced_accuracy=0.6957767722473605
macro_f1=0.7270825143610748
mean_confidence=0.9018119988848248
correct_mean_confidence=0.9180871833045527
wrong_mean_confidence=0.783418010262882
confidence_gap=0.1346691730416707
probabilities_available=True
error_type=
error_message=
