run_id=run_20260616_204218
runner_name=陈业伟
start_time=2026-06-16T20:42:18
dataset_dir=D:\aiHW\Tabular-Foundation-Models-Evaluation\data\selected_talent\feature_scale\F1_6_20\mfeat-morphological_2000rows_6feat_multiclass
model=xgboost
device=cpu
model_path=None
memory_sample_interval_seconds=0.05
end_time=2026-06-16T20:42:19
runner_name=陈业伟
success=True
fit_time_seconds=1.1116792999673635
predict_time_seconds=0.005220699938945472
wall_time_seconds=1.2261433999519795
peak_memory_mb=307.0625
training_throughput=8635.5840216525
accuracy=0.7075
balanced_accuracy=0.7074999999999999
macro_f1=0.7062965688611368
mean_confidence=0.8524953418970108
correct_mean_confidence=0.9059509253754633
wrong_mean_confidence=0.7231967938251984
confidence_gap=0.18275413155026488
probabilities_available=True
error_type=
error_message=
