run_id=run_20260616_203559
runner_name=XYJ
start_time=2026-06-16T20:35:59
dataset_dir=C:\Users\11575\Desktop\Tabular-Foundation-Models-Evaluation\data\selected_talent\feature_scale\F1_6_20\mfeat-morphological_2000rows_6feat_multiclass
model=tabpfn
device=cpu
model_path=C:\Users\11575\Desktop\Tabular-Foundation-Models-Evaluation\.local_models\tabpfn\tabpfn-v2-classifier-finetuned-zk73skhh.ckpt
memory_sample_interval_seconds=0.05
end_time=2026-06-16T20:36:16
runner_name=XYJ
success=True
fit_time_seconds=2.7058834999916144
predict_time_seconds=5.4195914000156336
wall_time_seconds=17.259383999975398
peak_memory_mb=684.8046875
training_throughput=3547.8245829984
accuracy=0.775
balanced_accuracy=0.775
macro_f1=0.7687797147562592
mean_confidence=0.7782745512574911
correct_mean_confidence=0.8292509639455427
wrong_mean_confidence=0.6026891297764249
confidence_gap=0.2265618341691178
probabilities_available=True
error_type=
error_message=
