run_id=run_20260616_211018
runner_name=陈业伟
start_time=2026-06-16T21:10:18
dataset_dir=D:\aiHW\Tabular-Foundation-Models-Evaluation\data\selected_talent\feature_scale\F3_100_300\mfeat-factors_2000rows_216feat_multiclass
model=lightgbm
device=cpu
model_path=None
memory_sample_interval_seconds=0.05
end_time=2026-06-16T21:10:21
runner_name=陈业伟
success=True
fit_time_seconds=1.8704667000565678
predict_time_seconds=0.011530300020240247
wall_time_seconds=2.264100299915299
peak_memory_mb=225.265625
training_throughput=184766.72158320068
accuracy=0.9675
balanced_accuracy=0.9674999999999999
macro_f1=0.9673458371384378
mean_confidence=0.9910067993222623
correct_mean_confidence=0.996671159040672
wrong_mean_confidence=0.8223831677049913
confidence_gap=0.17428799133568074
probabilities_available=True
error_type=
error_message=
