run_id=run_20260616_212113
runner_name=时光银
start_time=2026-06-16T21:21:13
dataset_dir=D:\_Projects\Tabular-Foundation-Models-Evaluation\data\selected_talent\feature_scale\F2_20_100\mfeat-zernike_2000rows_47feat_multiclass
model=xgboost
device=cpu
model_path=None
memory_sample_interval_seconds=0.05
end_time=2026-06-16T21:21:16
runner_name=时光银
success=True
fit_time_seconds=3.0201192000004085
predict_time_seconds=0.0057797999998001615
wall_time_seconds=3.063643299999967
peak_memory_mb=304.13671875
training_throughput=24899.679456357164
accuracy=0.79
balanced_accuracy=0.79
macro_f1=0.792728694431895
mean_confidence=0.8816103530675172
correct_mean_confidence=0.9091789466859419
wrong_mean_confidence=0.7778999294553485
confidence_gap=0.13127901723059343
probabilities_available=True
error_type=
error_message=
