run_id=run_20260616_205813
runner_name=时光银
start_time=2026-06-16T20:58:13
dataset_dir=D:\_Projects\Tabular-Foundation-Models-Evaluation\data\selected_talent\feature_scale\F2_20_100\mfeat-zernike_2000rows_47feat_multiclass
model=lightgbm
device=cpu
model_path=None
memory_sample_interval_seconds=0.05
end_time=2026-06-16T20:58:15
runner_name=时光银
success=True
fit_time_seconds=2.246117900000172
predict_time_seconds=0.008049400000345486
wall_time_seconds=2.455405400000018
peak_memory_mb=211.13671875
training_throughput=33479.987849255034
accuracy=0.77
balanced_accuracy=0.7699999999999999
macro_f1=0.775125536874906
mean_confidence=0.9431786429773211
correct_mean_confidence=0.9694156698236452
wrong_mean_confidence=0.8553416400570181
confidence_gap=0.11407402976662717
probabilities_available=True
error_type=
error_message=
