run_id=run_20260616_002824
runner_name=姚怀宇
start_time=2026-06-16T00:28:24
dataset_dir=D:\_Projects\Tabular-Foundation-Models-Evaluation\data\selected_talent\feature_scale\F2_20_100\mfeat-zernike_2000rows_47feat_multiclass
model=tabpfn
device=cpu
model_path=D:\_Projects\Tabular-Foundation-Models-Evaluation\.local_models\tabpfn\tabpfn-v2-classifier-finetuned-zk73skhh.ckpt
memory_sample_interval_seconds=0.05
end_time=2026-06-16T00:31:41
runner_name=姚怀宇
success=True
fit_time_seconds=0.4814697000547312
predict_time_seconds=96.96619920001831
wall_time_seconds=197.4205445999978
peak_memory_mb=2054.6328125
training_throughput=156188.43717777383
accuracy=0.835
balanced_accuracy=0.835
macro_f1=0.8312170725746364
mean_confidence=0.8711329101771116
correct_mean_confidence=0.9336904450626431
wrong_mean_confidence=0.5545538699988163
confidence_gap=0.3791365750638268
probabilities_available=True
error_type=
error_message=
