run_id=run_20260617_114156
runner_name=时光银
start_time=2026-06-17T11:41:56
dataset_dir=D:\_Projects\Tabular-Foundation-Models-Evaluation\data\selected_talent\sample_scale\C_10000_30000\default_of_credit_card_clients_30000rows_23feat_binclass
model=xgboost
device=cpu
model_path=None
memory_sample_interval_seconds=0.05
end_time=2026-06-17T11:41:57
runner_name=时光银
success=True
fit_time_seconds=0.5078596000021207
predict_time_seconds=0.004119999997783452
wall_time_seconds=0.7223636000053375
peak_memory_mb=291.03125
training_throughput=1086914.5724481628
accuracy=0.8255
balanced_accuracy=0.6667439382648578
macro_f1=0.6933257938929654
mean_confidence=0.829082035591205
correct_mean_confidence=0.8451105724819352
wrong_mean_confidence=0.7532564928788966
confidence_gap=0.0918540796030386
probabilities_available=True
error_type=
error_message=
