run_id=run_20260616_204117
runner_name=XYJ
start_time=2026-06-16T20:41:17
dataset_dir=C:\Users\11575\Desktop\Tabular-Foundation-Models-Evaluation\data\selected_talent\feature_scale\F2_20_100\mfeat-karhunen_2000rows_64feat_multiclass
model=xgboost
device=cpu
model_path=None
memory_sample_interval_seconds=0.05
end_time=2026-06-16T20:41:18
runner_name=XYJ
success=True
fit_time_seconds=1.9308635999914259
predict_time_seconds=0.0034185999538749456
wall_time_seconds=1.967303899989929
peak_memory_mb=309.046875
training_throughput=53033.26449390558
accuracy=0.9375
balanced_accuracy=0.9375000000000002
macro_f1=0.9369107341484734
mean_confidence=0.9340345563739538
correct_mean_confidence=0.9508912342389425
wrong_mean_confidence=0.6811843883991241
confidence_gap=0.2697068458398184
probabilities_available=True
error_type=
error_message=
