run_id=run_20260616_205554
runner_name=XYJ
start_time=2026-06-16T20:55:54
dataset_dir=C:\Users\11575\Desktop\Tabular-Foundation-Models-Evaluation\data\selected_talent\sample_scale\A_1000_3000\kc1_2109rows_21feat_binclass
model=tabpfn
device=cpu
model_path=C:\Users\11575\Desktop\Tabular-Foundation-Models-Evaluation\.local_models\tabpfn\tabpfn-v2-classifier-finetuned-zk73skhh.ckpt
memory_sample_interval_seconds=0.05
end_time=2026-06-16T20:56:36
runner_name=XYJ
success=True
fit_time_seconds=2.6590057999710552
predict_time_seconds=18.937106999976095
wall_time_seconds=42.62547959998483
peak_memory_mb=1297.43359375
training_throughput=13323.400799045134
accuracy=0.8767772511848341
balanced_accuracy=0.6440422322775263
macro_f1=0.6828168362627197
mean_confidence=0.8827220814487945
correct_mean_confidence=0.9015424771888836
wrong_mean_confidence=0.7488077271443146
confidence_gap=0.15273475004456893
probabilities_available=True
error_type=
error_message=
