run_id=run_20260616_002305
runner_name=姚怀宇
start_time=2026-06-16T00:23:05
dataset_dir=D:\_Projects\Tabular-Foundation-Models-Evaluation\data\selected_talent\feature_scale\F2_20_100\mfeat-karhunen_2000rows_64feat_multiclass
model=tabpfn
device=cpu
model_path=D:\_Projects\Tabular-Foundation-Models-Evaluation\.local_models\tabpfn\tabpfn-v2-classifier-finetuned-zk73skhh.ckpt
memory_sample_interval_seconds=0.05
end_time=2026-06-16T00:27:33
runner_name=姚怀宇
success=True
fit_time_seconds=0.5482369000092149
predict_time_seconds=131.9041992999846
wall_time_seconds=267.7336383999791
peak_memory_mb=2524.84765625
training_throughput=186780.56876193272
accuracy=0.97
balanced_accuracy=0.97
macro_f1=0.9699049429698239
mean_confidence=0.9696679653972388
correct_mean_confidence=0.9808453793839081
wrong_mean_confidence=0.6082649131615957
confidence_gap=0.37258046622231245
probabilities_available=True
error_type=
error_message=
